


ARM Macro Assembler    Page 1 


    1 00000000                 AREA             subroutin, READONLY, CODE
    2 00000000                 THUMB
    3 00000000                 EXTERN           delayy
    4 00000000                 EXTERN           screen
    5 00000000                 EXPORT           battleship  ; Make available,
    6 00000000         
    7 00000000         
    8 00000000         
    9 00000000         battleship
                               PROC
   10 00000000 E92D 5FFF       PUSH             {R0-R12,LR}
   11 00000004         
   12 00000004 464A            MOV              R2,R9
   13 00000006 4653            MOV              R3,R10
   14 00000008 4C15            LDR              R4,=0x20000600
   15 0000000A F04F 0500       MOV              R5,#0
   16 0000000E F1A3 0602       SUB              R6,R3,#2    ; column-2
   17 00000012 F1A2 0702       SUB              R7, R2, #2  ; row-2
   18 00000016         
   19 00000016 42B5    st      CMP              R5, R6      ; save screen page
   20 00000018 D114            BNE              loop
   21 0000001A         
   22 0000001A F04F 081F       LDR              R8,=0x0000001F
   23 0000001E 2F00    shift2  CMP              R7,#0
   24 00000020 D004            BEQ              go
   25 00000022 EA4F 0848       LSL              R8,#1
   26 00000026 F1A7 0701       SUB              R7,#1
   27 0000002A E7F8            B                shift2
   28 0000002C F844 8B04 
                       go      STR              R8, [R4], #4
   29 00000030 F844 8B04       STR              R8, [R4], #4
   30 00000034 F8C4 8004       STR              R8, [R4,#4]
   31 00000038 F8C4 8008       STR              R8, [R4,#8]
   32 0000003C F844 8B0C       STR              R8, [R4], #12
   33 00000040 F105 0505       ADD              R5, #5
   34 00000044 F04F 0800 
                       loop    LDR              R8,= 0x00000000
   35 00000048 F844 8B04       STR              R8, [R4], #4
   36 0000004C F105 0501       ADD              R5, #1
   37 00000050 2D40            CMP              R5, #64
   38 00000052 D1E0            BNE              st
   39 00000054 F7FF FFFE       BL               screen
   40 00000058 E8BD 5FFF       POP              {R0-R12,LR}
   41 0000005C 4770            BX               LR
   42 0000005E         
   43 0000005E         
                       
              00 00 20000600 
Command Line: --debug --xref --diag_suppress=9931 --cpu=Cortex-M4.fp --apcs=int
erwork --depend=.\objects\battleship.d -o.\objects\battleship.o -I.\RTE\_Target
_1 -IC:\Keil_v5\ARM\PACK\Keil\TM4C_DFP\1.1.0\Device\Include\TM4C123 -IC:\Keil_v
5\ARM\CMSIS\Include --predefine="__EVAL SETA 1" --predefine="__UVISION_VERSION 
SETA 526" --predefine="TM4C123GH6PM SETA 1" --list=.\listings\battleship.lst ba
ttleship.s



ARM Macro Assembler    Page 1 Alphabetic symbol ordering
Relocatable symbols

battleship 00000000

Symbol: battleship
   Definitions
      At line 9 in file battleship.s
   Uses
      At line 5 in file battleship.s
Comment: battleship used once
go 0000002C

Symbol: go
   Definitions
      At line 28 in file battleship.s
   Uses
      At line 24 in file battleship.s
Comment: go used once
loop 00000044

Symbol: loop
   Definitions
      At line 34 in file battleship.s
   Uses
      At line 20 in file battleship.s
Comment: loop used once
shift2 0000001E

Symbol: shift2
   Definitions
      At line 23 in file battleship.s
   Uses
      At line 27 in file battleship.s
Comment: shift2 used once
st 00000016

Symbol: st
   Definitions
      At line 19 in file battleship.s
   Uses
      At line 38 in file battleship.s
Comment: st used once
subroutin 00000000

Symbol: subroutin
   Definitions
      At line 1 in file battleship.s
   Uses
      None
Comment: subroutin unused
6 symbols



ARM Macro Assembler    Page 1 Alphabetic symbol ordering
External symbols

delayy 00000000

Symbol: delayy
   Definitions
      At line 3 in file battleship.s
   Uses
      None
Comment: delayy unused
screen 00000000

Symbol: screen
   Definitions
      At line 4 in file battleship.s
   Uses
      At line 39 in file battleship.s
Comment: screen used once
2 symbols
344 symbols in table
