


ARM Macro Assembler    Page 1 


    1 00000000 400253FC 
                       GPIO_PORTF_DATA
                               EQU              0x400253FC
    2 00000000 4002551C 
                       GPIO_PORTF_DEN
                               EQU              0x4002551C
    3 00000000 40025510 
                       GPIO_PORTF_PUR
                               EQU              0x40025510
    4 00000000 4002541C 
                       GPIO_PORTF_ICR
                               EQU              0x4002541C
    5 00000000 40025414 
                       GPIO_PORTF_RIS
                               EQU              0x40025414
    6 00000000 0000000F 
                       IOB     EQU              0x0F
    7 00000000 400FE608 
                       SYSCTL_RCGCGPIO
                               EQU              0x400FE608
    8 00000000 E000E014 
                       NVIC_ST_RELOAD
                               EQU              0xE000E014
    9 00000000         
   10 00000000         
   11 00000000         ;LABEL  DIRECTIVE VALUE  COMMENT
   12 00000000                 AREA             subroutin, READONLY, CODE
   13 00000000                 THUMB
   14 00000000                 EXTERN           delayy
   15 00000000                 EXTERN           get_row_col
   16 00000000                 EXTERN           battleship
   17 00000000                 EXTERN           civilian
   18 00000000                 EXTERN           screen
   19 00000000                 EXPORT           buttons     ; Make available,
   20 00000000         
   21 00000000         
   22 00000000         
   23 00000000         buttons PROC
   24 00000000 E92D 4143       PUSH             {R0,R1,R8,R6,LR}
   25 00000004         
   26 00000004         
   27 00000004         
   28 00000004 4806            LDR              R0,=GPIO_PORTF_RIS
   29 00000006 6801            LDR              R1, [R0]
   30 00000008 F021 01EE       BIC              R1, #0xEE
   31 0000000C         
   32 0000000C 2910            CMP              R1, #0x10
   33 0000000E D102            BNE              ZIP
   34 00000010 F7FF FFFE       BL               battleship  ; if button 1 is pr
                                                            essed place a battl
                                                            eship
   35 00000014 E001            B                ileri
   36 00000016 F7FF FFFE 
                       ZIP     BL               civilian    ; if button 2 is pr
                                                            essed place a civil
                                                            ian ship
   37 0000001A         
   38 0000001A         ileri
   39 0000001A         



ARM Macro Assembler    Page 2 


   40 0000001A         
   41 0000001A         
   42 0000001A E8BD 4143       POP              {R0,R1,R8,R6,LR}
   43 0000001E 4770            BX               LR
   44 00000020                 ENDP
                       
              40025414 
Command Line: --debug --xref --diag_suppress=9931 --cpu=Cortex-M4.fp --apcs=int
erwork --depend=.\objects\buttonhandler.d -o.\objects\buttonhandler.o -I.\RTE\_
Target_1 -IC:\Keil_v5\ARM\PACK\Keil\TM4C_DFP\1.1.0\Device\Include\TM4C123 -IC:\
Keil_v5\ARM\CMSIS\Include --predefine="__EVAL SETA 1" --predefine="__UVISION_VE
RSION SETA 526" --predefine="TM4C123GH6PM SETA 1" --list=.\listings\buttonhandl
er.lst buttonhandler.s



ARM Macro Assembler    Page 1 Alphabetic symbol ordering
Relocatable symbols

ZIP 00000016

Symbol: ZIP
   Definitions
      At line 36 in file buttonhandler.s
   Uses
      At line 33 in file buttonhandler.s
Comment: ZIP used once
buttons 00000000

Symbol: buttons
   Definitions
      At line 23 in file buttonhandler.s
   Uses
      At line 19 in file buttonhandler.s
Comment: buttons used once
ileri 0000001A

Symbol: ileri
   Definitions
      At line 38 in file buttonhandler.s
   Uses
      At line 35 in file buttonhandler.s
Comment: ileri used once
subroutin 00000000

Symbol: subroutin
   Definitions
      At line 12 in file buttonhandler.s
   Uses
      None
Comment: subroutin unused
4 symbols



ARM Macro Assembler    Page 1 Alphabetic symbol ordering
Absolute symbols

GPIO_PORTF_DATA 400253FC

Symbol: GPIO_PORTF_DATA
   Definitions
      At line 1 in file buttonhandler.s
   Uses
      None
Comment: GPIO_PORTF_DATA unused
GPIO_PORTF_DEN 4002551C

Symbol: GPIO_PORTF_DEN
   Definitions
      At line 2 in file buttonhandler.s
   Uses
      None
Comment: GPIO_PORTF_DEN unused
GPIO_PORTF_ICR 4002541C

Symbol: GPIO_PORTF_ICR
   Definitions
      At line 4 in file buttonhandler.s
   Uses
      None
Comment: GPIO_PORTF_ICR unused
GPIO_PORTF_PUR 40025510

Symbol: GPIO_PORTF_PUR
   Definitions
      At line 3 in file buttonhandler.s
   Uses
      None
Comment: GPIO_PORTF_PUR unused
GPIO_PORTF_RIS 40025414

Symbol: GPIO_PORTF_RIS
   Definitions
      At line 5 in file buttonhandler.s
   Uses
      At line 28 in file buttonhandler.s
Comment: GPIO_PORTF_RIS used once
IOB 0000000F

Symbol: IOB
   Definitions
      At line 6 in file buttonhandler.s
   Uses
      None
Comment: IOB unused
NVIC_ST_RELOAD E000E014

Symbol: NVIC_ST_RELOAD
   Definitions
      At line 8 in file buttonhandler.s
   Uses
      None
Comment: NVIC_ST_RELOAD unused
SYSCTL_RCGCGPIO 400FE608

Symbol: SYSCTL_RCGCGPIO



ARM Macro Assembler    Page 2 Alphabetic symbol ordering
Absolute symbols

   Definitions
      At line 7 in file buttonhandler.s
   Uses
      None
Comment: SYSCTL_RCGCGPIO unused
8 symbols



ARM Macro Assembler    Page 1 Alphabetic symbol ordering
External symbols

battleship 00000000

Symbol: battleship
   Definitions
      At line 16 in file buttonhandler.s
   Uses
      At line 34 in file buttonhandler.s
Comment: battleship used once
civilian 00000000

Symbol: civilian
   Definitions
      At line 17 in file buttonhandler.s
   Uses
      At line 36 in file buttonhandler.s
Comment: civilian used once
delayy 00000000

Symbol: delayy
   Definitions
      At line 14 in file buttonhandler.s
   Uses
      None
Comment: delayy unused
get_row_col 00000000

Symbol: get_row_col
   Definitions
      At line 15 in file buttonhandler.s
   Uses
      None
Comment: get_row_col unused
screen 00000000

Symbol: screen
   Definitions
      At line 18 in file buttonhandler.s
   Uses
      None
Comment: screen unused
5 symbols
353 symbols in table
