


ARM Macro Assembler    Page 1 


    1 00000000                 AREA             part1, CODE, READONLY
    2 00000000                 THUMB
    3 00000000                 EXTERN           get_row_col
    4 00000000                 EXPORT           get_rc
    5 00000000         
    6 00000000         
    7 00000000         
    8 00000000         get_rc  PROC
    9 00000000 E92D 41FF       PUSH             {R0,R1,R2,R3,R4,R5,R6,R7,R8, LR
}
   10 00000004 F7FF FFFE 
                       getrow  BL               get_row_col
   11 00000008 454A    check_row
                               CMP              R2,R9       ; R9 is previous ro
                                                            w
   12 0000000A D101            BNE              start
   13 0000000C 4553    check_col
                               CMP              R3, R10     ; R10 is previous c
                                                            olumn
   14 0000000E D0F9            BEQ              getrow
   15 00000010 469A    start   MOV              R10,R3
   16 00000012 4C1E            LDR              R4,=0x20000500
   17 00000014 F04F 0500       MOV              R5,#0
   18 00000018 2A02            CMP              R2, #2
   19 0000001A DBF3            BLT              getrow
   20 0000001C 2B02            CMP              R3, #2
   21 0000001E DBF1            BLT              getrow
   22 00000020 2A1D            CMP              R2, #29
   23 00000022 DCEF            BGT              getrow
   24 00000024 2B3D            CMP              R3, #61
   25 00000026 DCED            BGT              getrow
   26 00000028 F1A3 0602       SUB              R6,R3,#2    ; column-2
   27 0000002C F1A2 0702       SUB              R7, R2, #2  ; row-2
   28 00000030         
   29 00000030 42B5    st      CMP              R5, R6
   30 00000032 D11F            BNE              loop
   31 00000034 F04F 0801       LDR              R8, = 0x00000001
   32 00000038 2A00    shift   CMP              R2,#0
   33 0000003A D004            BEQ              continue
   34 0000003C EA4F 0848       LSL              R8,#1
   35 00000040 F1A2 0201       SUB              R2,#1
   36 00000044 E7F8            B                shift
   37 00000046 F107 0902 
                       continue
                               ADD              R9,R7,#2
   38 0000004A F844 8B04       STR              R8, [R4], #4
   39 0000004E F844 8B04       STR              R8, [R4], #4
   40 00000052 F8C4 8004       STR              R8, [R4,#4]
   41 00000056 F8C4 8008       STR              R8, [R4,#8]
   42 0000005A F04F 081F       LDR              R8,=0x0000001F
   43 0000005E 2F00    shift2  CMP              R7,#0
   44 00000060 D004            BEQ              go
   45 00000062 EA4F 0848       LSL              R8,#1
   46 00000066 F1A7 0701       SUB              R7,#1
   47 0000006A E7F8            B                shift2
   48 0000006C F844 8B0C 
                       go      STR              R8, [R4], #12
   49 00000070 F105 0505       ADD              R5, #5
   50 00000074 F04F 0800 



ARM Macro Assembler    Page 2 


                       loop    LDR              R8,= 0x00000000
   51 00000078 F844 8B04       STR              R8, [R4], #4
   52 0000007C F105 0501       ADD              R5, #1
   53 00000080 2D40            CMP              R5, #64
   54 00000082 D1D5            BNE              st
   55 00000084 E8BD 41FF       POP              {R0,R1,R2,R3,R4,R5,R6,R7,R8, LR
}
   56 00000088 4770            BX               LR
   57 0000008A                 END
              00 00 20000500 
Command Line: --debug --xref --diag_suppress=9931 --cpu=Cortex-M4.fp --apcs=int
erwork --depend=.\objects\deneme1.d -o.\objects\deneme1.o -I.\RTE\_Target_1 -IC
:\Keil_v5\ARM\PACK\Keil\TM4C_DFP\1.1.0\Device\Include\TM4C123 -IC:\Keil_v5\ARM\
CMSIS\Include --predefine="__EVAL SETA 1" --predefine="__UVISION_VERSION SETA 5
26" --predefine="TM4C123GH6PM SETA 1" --list=.\listings\deneme1.lst deneme1.s



ARM Macro Assembler    Page 1 Alphabetic symbol ordering
Relocatable symbols

check_col 0000000C

Symbol: check_col
   Definitions
      At line 13 in file deneme1.s
   Uses
      None
Comment: check_col unused
check_row 00000008

Symbol: check_row
   Definitions
      At line 11 in file deneme1.s
   Uses
      None
Comment: check_row unused
continue 00000046

Symbol: continue
   Definitions
      At line 37 in file deneme1.s
   Uses
      At line 33 in file deneme1.s
Comment: continue used once
get_rc 00000000

Symbol: get_rc
   Definitions
      At line 8 in file deneme1.s
   Uses
      At line 4 in file deneme1.s
Comment: get_rc used once
getrow 00000004

Symbol: getrow
   Definitions
      At line 10 in file deneme1.s
   Uses
      At line 14 in file deneme1.s
      At line 19 in file deneme1.s
      At line 21 in file deneme1.s
      At line 23 in file deneme1.s
      At line 25 in file deneme1.s

go 0000006C

Symbol: go
   Definitions
      At line 48 in file deneme1.s
   Uses
      At line 44 in file deneme1.s
Comment: go used once
loop 00000074

Symbol: loop
   Definitions
      At line 50 in file deneme1.s
   Uses
      At line 30 in file deneme1.s



ARM Macro Assembler    Page 2 Alphabetic symbol ordering
Relocatable symbols

Comment: loop used once
part1 00000000

Symbol: part1
   Definitions
      At line 1 in file deneme1.s
   Uses
      None
Comment: part1 unused
shift 00000038

Symbol: shift
   Definitions
      At line 32 in file deneme1.s
   Uses
      At line 36 in file deneme1.s
Comment: shift used once
shift2 0000005E

Symbol: shift2
   Definitions
      At line 43 in file deneme1.s
   Uses
      At line 47 in file deneme1.s
Comment: shift2 used once
st 00000030

Symbol: st
   Definitions
      At line 29 in file deneme1.s
   Uses
      At line 54 in file deneme1.s
Comment: st used once
start 00000010

Symbol: start
   Definitions
      At line 15 in file deneme1.s
   Uses
      At line 12 in file deneme1.s
Comment: start used once
12 symbols



ARM Macro Assembler    Page 1 Alphabetic symbol ordering
External symbols

get_row_col 00000000

Symbol: get_row_col
   Definitions
      At line 3 in file deneme1.s
   Uses
      At line 10 in file deneme1.s
Comment: get_row_col used once
1 symbol
349 symbols in table
