


ARM Macro Assembler    Page 1 


    1 00000000 20000001 
                       Data    EQU              0x20000001
    2 00000000         
    3 00000000         ;LABEL  DIRECTIVE VALUE  COMMENT
    4 00000000                 AREA             subroutin, READONLY, CODE
    5 00000000                 THUMB
    6 00000000         
    7 00000000         
    8 00000000                 EXPORT           drawcurs    ; Make available
    9 00000000         ; the startup2 and set_b2 files are gonna be used in thi
                       s part
   10 00000000         
   11 00000000         drawcurs
                               PROC
   12 00000000         
   13 00000000 B507            PUSH             {R0,R1,R2, LR}
   14 00000002         
   15 00000002 4816            LDR              R0, =Data
   16 00000004 F240 11F3       MOV              R1, #499
   17 00000008 F04F 0200       MOV              R2, #0x00
   18 0000000C         
   19 0000000C F800 2B01 
                       Loop    STRB             R2, [R0],#1
   20 00000010 F1A1 0101       SUB              R1, #1
   21 00000014 2900            CMP              R1, #0
   22 00000016 D1F9            BNE              Loop
   23 00000018         
   24 00000018 F04F 0204       MOV              R2, #0x04
   25 0000001C F800 2B01       STRB             R2, [R0], #1
   26 00000020         
   27 00000020 F04F 0204       MOV              R2, #0x04
   28 00000024 F800 2B01       STRB             R2, [R0], #1
   29 00000028         
   30 00000028 F04F 021F       MOV              R2, #0x1F
   31 0000002C F800 2B01       STRB             R2, [R0], #1
   32 00000030         
   33 00000030 F04F 0204       MOV              R2, #0x04
   34 00000034 F800 2B01       STRB             R2, [R0], #1
   35 00000038         
   36 00000038 F04F 0204       MOV              R2, #0x04
   37 0000003C F800 2B01       STRB             R2, [R0], #1
   38 00000040         
   39 00000040 F240 11F3       MOV              R1, #499
   40 00000044 F04F 0200       MOV              R2, #0x00
   41 00000048         
   42 00000048 F800 2B01 
                       Loop1   STRB             R2, [R0],#1
   43 0000004C F1A1 0101       SUB              R1, #1
   44 00000050 2900            CMP              R1, #0
   45 00000052 D1F9            BNE              Loop1
   46 00000054         
   47 00000054 E8BD 4007       POP              {R0,R1,R2,LR}
   48 00000058 4770            BX               LR
   49 0000005A                 ENDP
   50 0000005A         
                       
              00 00 20000001 
Command Line: --debug --xref --diag_suppress=9931 --cpu=Cortex-M4.fp --apcs=int
erwork --depend=.\objects\drawcurs.d -o.\objects\drawcurs.o -I.\RTE\_Target_1 -



ARM Macro Assembler    Page 2 


IC:\Keil_v5\ARM\PACK\Keil\TM4C_DFP\1.1.0\Device\Include\TM4C123 -IC:\Keil_v5\AR
M\CMSIS\Include --predefine="__EVAL SETA 1" --predefine="__UVISION_VERSION SETA
 526" --predefine="TM4C123GH6PM SETA 1" --list=.\listings\drawcurs.lst drawcurs
.s



ARM Macro Assembler    Page 1 Alphabetic symbol ordering
Relocatable symbols

Loop 0000000C

Symbol: Loop
   Definitions
      At line 19 in file drawcurs.s
   Uses
      At line 22 in file drawcurs.s
Comment: Loop used once
Loop1 00000048

Symbol: Loop1
   Definitions
      At line 42 in file drawcurs.s
   Uses
      At line 45 in file drawcurs.s
Comment: Loop1 used once
drawcurs 00000000

Symbol: drawcurs
   Definitions
      At line 11 in file drawcurs.s
   Uses
      At line 8 in file drawcurs.s
Comment: drawcurs used once
subroutin 00000000

Symbol: subroutin
   Definitions
      At line 4 in file drawcurs.s
   Uses
      None
Comment: subroutin unused
4 symbols



ARM Macro Assembler    Page 1 Alphabetic symbol ordering
Absolute symbols

Data 20000001

Symbol: Data
   Definitions
      At line 1 in file drawcurs.s
   Uses
      At line 15 in file drawcurs.s
Comment: Data used once
1 symbol
341 symbols in table
