


ARM Macro Assembler    Page 1 


    1 00000000 400043FC 
                       GPIO_PORTA_DATA
                               EQU              0x400043FC
    2 00000000 40008008 
                       SSIDR   EQU              0x40008008
    3 00000000 4000800C 
                       SSISR   EQU              0x4000800C
    4 00000000         
    5 00000000         ;LABEL  DIRECTIVE VALUE  COMMENT
    6 00000000                 AREA             subroutin, READONLY, CODE
    7 00000000                 THUMB
    8 00000000                 EXTERN           initSSI
    9 00000000                 EXTERN           initGPIO
   10 00000000                 EXTERN           delayy
   11 00000000                 EXTERN           sendDC
   12 00000000         
   13 00000000                 EXPORT           fillzero    ; Make available
   14 00000000         ; the startup2 and set_b2 files are gonna be used in thi
                       s part
   15 00000000         
   16 00000000         fillzero
                               PROC                         ; THIS PART OF THE 
                                                            CODE RESETS THE WHO
                                                            LE DATA IN NOKIA LC
                                                            D
   17 00000000         
   18 00000000 B507            PUSH             {R0, R1, R2, LR}
   19 00000002         
   20 00000002 F04F 0240       MOV              R2, #0x40   ; Y POSITION
   21 00000006 F7FF FFFE       BL               sendDC
   22 0000000A         
   23 0000000A F04F 0280       MOV              R2, #0x80   ; X POSITION
   24 0000000E F7FF FFFE       BL               sendDC
   25 00000012         
   26 00000012         
   27 00000012 480F            LDR              R0, =GPIO_PORTA_DATA
   28 00000014 6801            LDR              R1, [R0]
   29 00000016 F041 0140       ORR              R1, #0x40
   30 0000001A 6001            STR              R1, [R0]
   31 0000001C         
   32 0000001C         
   33 0000001C 6801    return1 LDR              R1, [R0]
   34 0000001E F021 01BF       BIC              R1, #0xBF
   35 00000022 2940            CMP              R1, #0x40
   36 00000024 D1FA            BNE              return1
   37 00000026         
   38 00000026 F44F 71FC       MOV              R1, #504
   39 0000002A F04F 0200       MOV              R2, #0x00
   40 0000002E         
   41 0000002E F7FF FFFE 
                       fill    BL               sendDC      ; send 00 byte to N
                                                            OKIA for 504 times 
                                                            to have a blank pag
                                                            e
   42 00000032 3901            SUBS             R1, #1
   43 00000034 D1FB            BNE              fill
   44 00000036         
   45 00000036 4806            LDR              R0, =GPIO_PORTA_DATA
   46 00000038 6801            LDR              R1, [R0]



ARM Macro Assembler    Page 2 


   47 0000003A F021 0140       BIC              R1, #0x40   ; D/C TO COMMAND MO
                                                            DE
   48 0000003E 6001            STR              R1, [R0]
   49 00000040         
   50 00000040 6801    return  LDR              R1, [R0]
   51 00000042 F021 01BF       BIC              R1, #0xBF
   52 00000046 2900            CMP              R1, #0x00
   53 00000048 D1FA            BNE              return
   54 0000004A         
   55 0000004A E8BD 4007       POP              {R0,R1,R2, LR}
   56 0000004E 4770            BX               LR
   57 00000050         
   58 00000050                 ENDP
                       
              400043FC 
Command Line: --debug --xref --diag_suppress=9931 --cpu=Cortex-M4.fp --apcs=int
erwork --depend=.\objects\fillzero.d -o.\objects\fillzero.o -I.\RTE\_Target_1 -
IC:\Keil_v5\ARM\PACK\Keil\TM4C_DFP\1.1.0\Device\Include\TM4C123 -IC:\Keil_v5\AR
M\CMSIS\Include --predefine="__EVAL SETA 1" --predefine="__UVISION_VERSION SETA
 526" --predefine="TM4C123GH6PM SETA 1" --list=.\listings\fillzero.lst fillzero
.s



ARM Macro Assembler    Page 1 Alphabetic symbol ordering
Relocatable symbols

fill 0000002E

Symbol: fill
   Definitions
      At line 41 in file fillzero.s
   Uses
      At line 43 in file fillzero.s
Comment: fill used once
fillzero 00000000

Symbol: fillzero
   Definitions
      At line 16 in file fillzero.s
   Uses
      At line 13 in file fillzero.s
Comment: fillzero used once
return 00000040

Symbol: return
   Definitions
      At line 50 in file fillzero.s
   Uses
      At line 53 in file fillzero.s
Comment: return used once
return1 0000001C

Symbol: return1
   Definitions
      At line 33 in file fillzero.s
   Uses
      At line 36 in file fillzero.s
Comment: return1 used once
subroutin 00000000

Symbol: subroutin
   Definitions
      At line 6 in file fillzero.s
   Uses
      None
Comment: subroutin unused
5 symbols



ARM Macro Assembler    Page 1 Alphabetic symbol ordering
Absolute symbols

GPIO_PORTA_DATA 400043FC

Symbol: GPIO_PORTA_DATA
   Definitions
      At line 1 in file fillzero.s
   Uses
      At line 27 in file fillzero.s
      At line 45 in file fillzero.s

SSIDR 40008008

Symbol: SSIDR
   Definitions
      At line 2 in file fillzero.s
   Uses
      None
Comment: SSIDR unused
SSISR 4000800C

Symbol: SSISR
   Definitions
      At line 3 in file fillzero.s
   Uses
      None
Comment: SSISR unused
3 symbols



ARM Macro Assembler    Page 1 Alphabetic symbol ordering
External symbols

delayy 00000000

Symbol: delayy
   Definitions
      At line 10 in file fillzero.s
   Uses
      None
Comment: delayy unused
initGPIO 00000000

Symbol: initGPIO
   Definitions
      At line 9 in file fillzero.s
   Uses
      None
Comment: initGPIO unused
initSSI 00000000

Symbol: initSSI
   Definitions
      At line 8 in file fillzero.s
   Uses
      None
Comment: initSSI unused
sendDC 00000000

Symbol: sendDC
   Definitions
      At line 11 in file fillzero.s
   Uses
      At line 21 in file fillzero.s
      At line 24 in file fillzero.s
      At line 41 in file fillzero.s

4 symbols
348 symbols in table
