


ARM Macro Assembler    Page 1 


    1 00000000 400253FC 
                       GPIO_PORTF_DATA
                               EQU              0x400253FC  ; data address
    2 00000000 40025400 
                       GPIO_PORTF_DIR
                               EQU              0x40025400
    3 00000000 40025420 
                       GPIO_PORTF_AFSEL
                               EQU              0x40025420
    4 00000000 4002551C 
                       GPIO_PORTF_DEN
                               EQU              0x4002551C
    5 00000000 40025510 
                       GPIO_PORTF_PUR
                               EQU              0x40025510
    6 00000000 40025520 
                       GPIO_PORTF_LOCK
                               EQU              0x40025520
    7 00000000 40025524 
                       GPIO_PORTF_CR
                               EQU              0x40025524
    8 00000000 0000000F 
                       IOB     EQU              0x0F
    9 00000000 400FE608 
                       SYSCTL_RCGCGPIO
                               EQU              0x400FE608
   10 00000000 4002540C 
                       GPIO_PORTF_IEV
                               EQU              0x4002540C
   11 00000000 40025404 
                       GPIO_PORTF_IS
                               EQU              0x40025404
   12 00000000 40025408 
                       GPIO_PORTF_IBE
                               EQU              0x40025408
   13 00000000 40025410 
                       GPIO_PORTF_IM
                               EQU              0x40025410
   14 00000000 4002541C 
                       GPIO_PORTF_ICR
                               EQU              0x4002541C
   15 00000000         
   16 00000000 E000E100 
                       NVIC_EN0
                               EQU              0xE000E100  ; IRQ 0 to 31 Set E
                                                            nable Register
   17 00000000 40000000 
                       INT30   EQU              0x40000000  ; Interrupt 30 enab
                                                            le - PORTF
   18 00000000         
   19 00000000         
   20 00000000         
   21 00000000         ;LABEL  DIRECTIVE VALUE  COMMENT
   22 00000000                 AREA             subroutin, READONLY, CODE
   23 00000000                 THUMB
   24 00000000         
   25 00000000                 EXPORT           gpio_f      ; Make available
   26 00000000         
   27 00000000         gpio_f  PROC



ARM Macro Assembler    Page 2 


   28 00000000         
   29 00000000 B413            PUSH             {R1,R0,R4}
   30 00000002         
   31 00000002 481D            LDR              R0,=SYSCTL_RCGCGPIO
   32 00000004 6801            LDR              R1,[R0]
   33 00000006 F041 0120       ORR              R1,#0x20    ; PORT F CAN BE SET
                                                             FROM THE SECOND BI
                                                            T
   34 0000000A 6001            STR              R1,[R0]     ; THE CLOCK OF PORT
                                                             B IS SET
   35 0000000C BF00            NOP
   36 0000000E BF00            NOP
   37 00000010 BF00            NOP
   38 00000012         
   39 00000012 491A            LDR              R1, =GPIO_PORTF_LOCK
   40 00000014 481A            LDR              R0, =0x4C4F434B
   41 00000016 6008            STR              R0, [R1]
   42 00000018 491A            LDR              R1, =GPIO_PORTF_CR
   43 0000001A F04F 0011       MOV              R0, #0x11   ; committed Port F[
                                                            4] & F[0]
   44 0000001E 6008            STR              R0, [R1]
   45 00000020         
   46 00000020 4819            LDR              R0,=GPIO_PORTF_DIR
   47 00000022 6801            LDR              R1,[R0]
   48 00000024 F001 0100       AND              R1,R1,#0x00 ; CLEAR R1
   49 00000028 F041 0104       ORR              R1,R1,#0x04 ; THE 1'S ARE OUT
   50 0000002C 6001            STR              R1,[R0]
   51 0000002E         
   52 0000002E 4817            LDR              R0,=GPIO_PORTF_PUR ; THE PULL U
                                                            P REGISTORS OF INPU
                                                            T BITS ARE SET
   53 00000030 6801            LDR              R1,[R0]
   54 00000032 F001 0100       AND              R1,#0x00
   55 00000036 F041 0111       ORR              R1,#0x11
   56 0000003A 6001            STR              R1,[R0]
   57 0000003C         
   58 0000003C 4914            LDR              R1,=GPIO_PORTF_AFSEL 
                                                            ; DISABLE AFSEL
   59 0000003E 6808            LDR              R0,[ R1 ]
   60 00000040 F020 00FF       BIC              R0,#0xFF
   61 00000044 6008            STR              R0,[ R1 ]
   62 00000046         
   63 00000046 4913            LDR              R1,=GPIO_PORTF_DEN ; THIS SHOUL
                                                            D BE ENABLED TO LET
                                                             THE DIGITAL I/O
   64 00000048 6808            LDR              R0,[ R1 ]
   65 0000004A F040 00FF       ORR              R0,#0xFF
   66 0000004E 6008            STR              R0,[ R1 ]   ; CONFIGURATION OF 
                                                            PORT B ENDS
   67 00000050         
   68 00000050 F04F 0000       MOV              R0,#0
   69 00000054 4910            LDR              R1,=GPIO_PORTF_IS
   70 00000056 6008            STR              R0,[R1]     ; PORT IS EDGE SENS
                                                            ITIVE
   71 00000058 4910            LDR              R1,=GPIO_PORTF_IBE 
                                                            ; NOT BOTH EDGES
   72 0000005A F04F 0011       MOV              R0,#0x11
   73 0000005E         
   74 0000005E 4910            LDR              R1,=GPIO_PORTF_IEV



ARM Macro Assembler    Page 3 


   75 00000060 6008            STR              R0,[R1]     ; PORTB INPUT SIDE 
                                                            IS SET TO RISING ED
                                                            GE
   76 00000062 4910            LDR              R1,=GPIO_PORTF_IM
   77 00000064 6008            STR              R0,[R1]     ; THE INTERRUPTS AR
                                                            E MASKED
   78 00000066         
   79 00000066 4910            LDR              R1,=GPIO_PORTF_ICR
   80 00000068 6008            STR              R0, [R1]    ; CLEAR FLAGS
   81 0000006A         
   82 0000006A         
   83 0000006A 4910            LDR              R1, =NVIC_EN0 ; interrupt is en
                                                            abled
   84 0000006C F04F 4280       LDR              R2, =INT30
   85 00000070 600A            STR              R2, [R1]
   86 00000072         
   87 00000072 BC13            POP              {R1,R0,R4}
   88 00000074         
   89 00000074 4770            BX               LR
   90 00000076                 ENDP
                       
              00 00 400FE608 
              40025520 
              4C4F434B 
              40025524 
              40025400 
              40025510 
              40025420 
              4002551C 
              40025404 
              40025408 
              4002540C 
              40025410 
              4002541C 
              E000E100 
Command Line: --debug --xref --diag_suppress=9931 --cpu=Cortex-M4.fp --apcs=int
erwork --depend=.\objects\gpio_f.d -o.\objects\gpio_f.o -I.\RTE\_Target_1 -IC:\
Keil_v5\ARM\PACK\Keil\TM4C_DFP\1.1.0\Device\Include\TM4C123 -IC:\Keil_v5\ARM\CM
SIS\Include --predefine="__EVAL SETA 1" --predefine="__UVISION_VERSION SETA 526
" --predefine="TM4C123GH6PM SETA 1" --list=.\listings\gpio_f.lst gpio_f.s



ARM Macro Assembler    Page 1 Alphabetic symbol ordering
Relocatable symbols

gpio_f 00000000

Symbol: gpio_f
   Definitions
      At line 27 in file gpio_f.s
   Uses
      At line 25 in file gpio_f.s
Comment: gpio_f used once
subroutin 00000000

Symbol: subroutin
   Definitions
      At line 22 in file gpio_f.s
   Uses
      None
Comment: subroutin unused
2 symbols



ARM Macro Assembler    Page 1 Alphabetic symbol ordering
Absolute symbols

GPIO_PORTF_AFSEL 40025420

Symbol: GPIO_PORTF_AFSEL
   Definitions
      At line 3 in file gpio_f.s
   Uses
      At line 58 in file gpio_f.s
Comment: GPIO_PORTF_AFSEL used once
GPIO_PORTF_CR 40025524

Symbol: GPIO_PORTF_CR
   Definitions
      At line 7 in file gpio_f.s
   Uses
      At line 42 in file gpio_f.s
Comment: GPIO_PORTF_CR used once
GPIO_PORTF_DATA 400253FC

Symbol: GPIO_PORTF_DATA
   Definitions
      At line 1 in file gpio_f.s
   Uses
      None
Comment: GPIO_PORTF_DATA unused
GPIO_PORTF_DEN 4002551C

Symbol: GPIO_PORTF_DEN
   Definitions
      At line 4 in file gpio_f.s
   Uses
      At line 63 in file gpio_f.s
Comment: GPIO_PORTF_DEN used once
GPIO_PORTF_DIR 40025400

Symbol: GPIO_PORTF_DIR
   Definitions
      At line 2 in file gpio_f.s
   Uses
      At line 46 in file gpio_f.s
Comment: GPIO_PORTF_DIR used once
GPIO_PORTF_IBE 40025408

Symbol: GPIO_PORTF_IBE
   Definitions
      At line 12 in file gpio_f.s
   Uses
      At line 71 in file gpio_f.s
Comment: GPIO_PORTF_IBE used once
GPIO_PORTF_ICR 4002541C

Symbol: GPIO_PORTF_ICR
   Definitions
      At line 14 in file gpio_f.s
   Uses
      At line 79 in file gpio_f.s
Comment: GPIO_PORTF_ICR used once
GPIO_PORTF_IEV 4002540C

Symbol: GPIO_PORTF_IEV



ARM Macro Assembler    Page 2 Alphabetic symbol ordering
Absolute symbols

   Definitions
      At line 10 in file gpio_f.s
   Uses
      At line 74 in file gpio_f.s
Comment: GPIO_PORTF_IEV used once
GPIO_PORTF_IM 40025410

Symbol: GPIO_PORTF_IM
   Definitions
      At line 13 in file gpio_f.s
   Uses
      At line 76 in file gpio_f.s
Comment: GPIO_PORTF_IM used once
GPIO_PORTF_IS 40025404

Symbol: GPIO_PORTF_IS
   Definitions
      At line 11 in file gpio_f.s
   Uses
      At line 69 in file gpio_f.s
Comment: GPIO_PORTF_IS used once
GPIO_PORTF_LOCK 40025520

Symbol: GPIO_PORTF_LOCK
   Definitions
      At line 6 in file gpio_f.s
   Uses
      At line 39 in file gpio_f.s
Comment: GPIO_PORTF_LOCK used once
GPIO_PORTF_PUR 40025510

Symbol: GPIO_PORTF_PUR
   Definitions
      At line 5 in file gpio_f.s
   Uses
      At line 52 in file gpio_f.s
Comment: GPIO_PORTF_PUR used once
INT30 40000000

Symbol: INT30
   Definitions
      At line 17 in file gpio_f.s
   Uses
      At line 84 in file gpio_f.s
Comment: INT30 used once
IOB 0000000F

Symbol: IOB
   Definitions
      At line 8 in file gpio_f.s
   Uses
      None
Comment: IOB unused
NVIC_EN0 E000E100

Symbol: NVIC_EN0
   Definitions
      At line 16 in file gpio_f.s
   Uses



ARM Macro Assembler    Page 3 Alphabetic symbol ordering
Absolute symbols

      At line 83 in file gpio_f.s
Comment: NVIC_EN0 used once
SYSCTL_RCGCGPIO 400FE608

Symbol: SYSCTL_RCGCGPIO
   Definitions
      At line 9 in file gpio_f.s
   Uses
      At line 31 in file gpio_f.s
Comment: SYSCTL_RCGCGPIO used once
16 symbols
354 symbols in table
