


ARM Macro Assembler    Page 1 


    1 00000000 400043FC 
                       GPIO_PORTA_DATA
                               EQU              0x400043FC
    2 00000000 40008008 
                       SSIDR   EQU              0x40008008
    3 00000000 4000800C 
                       SSISR   EQU              0x4000800C
    4 00000000         
    5 00000000         ;LABEL  DIRECTIVE VALUE  COMMENT
    6 00000000                 AREA             subroutin, READONLY, CODE
    7 00000000                 THUMB
    8 00000000                 EXTERN           initSSI
    9 00000000                 EXTERN           initGPIO
   10 00000000                 EXTERN           delayy
   11 00000000                 EXTERN           sendDC
   12 00000000                 EXTERN           fillzero
   13 00000000         
   14 00000000                 EXPORT           __main      ; Make available
   15 00000000         ; the startup2 and set_b2 files are gonna be used in thi
                       s part
   16 00000000         
   17 00000000         __main
   18 00000000 F7FF FFFE       BL               initGPIO    ; PORT B IS INITIAL
                                                            IZED
   19 00000004 F7FF FFFE       BL               initSSI
   20 00000008         
   21 00000008         
   22 00000008 4894            LDR              R0, =GPIO_PORTA_DATA
   23 0000000A 6801            LDR              R1, [R0]
   24 0000000C F021 0180       BIC              R1, #0x80
   25 00000010 6001            STR              R1, [R0]
   26 00000012 F7FF FFFE       BL               delayy
   27 00000016         
   28 00000016 F041 0180       ORR              R1, # 0x80
   29 0000001A 6001            STR              R1, [R0]
   30 0000001C         
   31 0000001C 4890            LDR              R0, =SSISR
   32 0000001E 6801    LUP     LDR              R1, [R0]
   33 00000020 F001 0110       AND              R1, #0x10
   34 00000024 2901            CMP              R1, #1
   35 00000026 D0FA            BEQ              LUP
   36 00000028         
   37 00000028 6801            LDR              R1, [R0]
   38 0000002A F021 0140       BIC              R1, #0x40   ; D/C PIN IS CLEARE
                                                            D (COMMAND)
   39 0000002E 6001            STR              R1, [R0]
   40 00000030         
   41 00000030 488C            LDR              R0, =SSIDR
   42 00000032 F04F 0121       MOV              R1, #0x21
   43 00000036 6001            STR              R1, [R0]
   44 00000038         
   45 00000038 F04F 02A4       MOV              R2, #0xA4   ; VOP
   46 0000003C F7FF FFFE       BL               sendDC
   47 00000040         
   48 00000040 F04F 02B8       MOV              R2, #0xB8   ; CONTRAST
   49 00000044 F7FF FFFE       BL               sendDC
   50 00000048         
   51 00000048         
   52 00000048 F04F 0204       MOV              R2, #0x04   ; TEMPERATURE



ARM Macro Assembler    Page 2 


   53 0000004C F7FF FFFE       BL               sendDC
   54 00000050         
   55 00000050         
   56 00000050 F04F 0213       MOV              R2, #0x13   ; BIAS MODE
   57 00000054 F7FF FFFE       BL               sendDC
   58 00000058         
   59 00000058         
   60 00000058 F04F 0220       MOV              R2, #0x20   ; H=0
   61 0000005C F7FF FFFE       BL               sendDC
   62 00000060         
   63 00000060         
   64 00000060 F04F 020C       MOV              R2, #0x0C   ; NORMAL DISPLAY
   65 00000064 F7FF FFFE       BL               sendDC
   66 00000068         
   67 00000068 F7FF FFFE       BL               fillzero
   68 0000006C         
   69 0000006C F04F 0240       MOV              R2, #0x40   ; Y POSITION
   70 00000070 F7FF FFFE       BL               sendDC
   71 00000074         
   72 00000074 F04F 028A       MOV              R2, #0x8A   ; X POSITION
   73 00000078 F7FF FFFE       BL               sendDC
   74 0000007C         
   75 0000007C         
   76 0000007C 4877            LDR              R0, =GPIO_PORTA_DATA 
                                                            ;; SENDING DATA
   77 0000007E 6801            LDR              R1, [R0]
   78 00000080 F041 0140       ORR              R1, #0x40
   79 00000084 6001            STR              R1, [R0]
   80 00000086         
   81 00000086 6801    return1 LDR              R1, [R0]
   82 00000088 F021 01BF       BIC              R1, #0xBF
   83 0000008C 2940            CMP              R1, #0x40
   84 0000008E D1FA            BNE              return1
   85 00000090         
   86 00000090         
   87 00000090 F04F 02FF       MOV              R2, #0xFF
   88 00000094 F7FF FFFE       BL               sendDC
   89 00000098         
   90 00000098 F04F 0281       MOV              R2, #0x81
   91 0000009C F7FF FFFE       BL               sendDC
   92 000000A0         
   93 000000A0 F04F 0281       MOV              R2, #0x81
   94 000000A4 F7FF FFFE       BL               sendDC
   95 000000A8         
   96 000000A8 F04F 0281       MOV              R2, #0x81
   97 000000AC F7FF FFFE       BL               sendDC
   98 000000B0         
   99 000000B0 F04F 0200       MOV              R2, #0x00
  100 000000B4 F7FF FFFE       BL               sendDC
  101 000000B8         
  102 000000B8 F04F 02FF       MOV              R2, #0xFF
  103 000000BC F7FF FFFE       BL               sendDC
  104 000000C0         
  105 000000C0 F04F 0211       MOV              R2, #0x11
  106 000000C4 F7FF FFFE       BL               sendDC
  107 000000C8 F04F 0211       MOV              R2, #0x11
  108 000000CC F7FF FFFE       BL               sendDC
  109 000000D0 F04F 02FF       MOV              R2, #0xFF
  110 000000D4 F7FF FFFE       BL               sendDC



ARM Macro Assembler    Page 3 


  111 000000D8         
  112 000000D8 F04F 0200       MOV              R2, #0x00
  113 000000DC F7FF FFFE       BL               sendDC
  114 000000E0         
  115 000000E0 F04F 02FF       MOV              R2, #0xFF
  116 000000E4 F7FF FFFE       BL               sendDC
  117 000000E8 F04F 0206       MOV              R2, #0x06
  118 000000EC F7FF FFFE       BL               sendDC
  119 000000F0 F04F 0218       MOV              R2, #0x18
  120 000000F4 F7FF FFFE       BL               sendDC
  121 000000F8 F04F 0260       MOV              R2, #0x60
  122 000000FC F7FF FFFE       BL               sendDC
  123 00000100 F04F 02FF       MOV              R2, #0xFF
  124 00000104 F7FF FFFE       BL               sendDC
  125 00000108         
  126 00000108         
  127 00000108 F04F 0200       MOV              R2, #0x00
  128 0000010C F7FF FFFE       BL               sendDC
  129 00000110         
  130 00000110 F04F 028F       MOV              R2, #0x8F
  131 00000114 F7FF FFFE       BL               sendDC
  132 00000118 F04F 0289       MOV              R2, #0x89
  133 0000011C F7FF FFFE       BL               sendDC
  134 00000120 F04F 0289       MOV              R2, #0x89
  135 00000124 F7FF FFFE       BL               sendDC
  136 00000128 F04F 02F1       MOV              R2, #0xF1
  137 0000012C F7FF FFFE       BL               sendDC
  138 00000130         
  139 00000130 F04F 0200       MOV              R2, #0x00
  140 00000134 F7FF FFFE       BL               sendDC
  141 00000138         
  142 00000138 F04F 02FF       MOV              R2, #0xFF
  143 0000013C F7FF FFFE       BL               sendDC
  144 00000140 F04F 0280       MOV              R2, #0x80
  145 00000144 F7FF FFFE       BL               sendDC
  146 00000148 F04F 0280       MOV              R2, #0x80
  147 0000014C F7FF FFFE       BL               sendDC
  148 00000150 F04F 02FF       MOV              R2, #0xFF
  149 00000154 F7FF FFFE       BL               sendDC
  150 00000158         
  151 00000158 F04F 0200       MOV              R2, #0x00
  152 0000015C F7FF FFFE       BL               sendDC
  153 00000160 F04F 0200       MOV              R2, #0x00
  154 00000164 F7FF FFFE       BL               sendDC
  155 00000168 F04F 0200       MOV              R2, #0x00
  156 0000016C F7FF FFFE       BL               sendDC
  157 00000170         
  158 00000170 F04F 02FF       MOV              R2, #0xFF
  159 00000174 F7FF FFFE       BL               sendDC
  160 00000178 F04F 0219       MOV              R2, #0x19
  161 0000017C F7FF FFFE       BL               sendDC
  162 00000180 F04F 0269       MOV              R2, #0x69
  163 00000184 F7FF FFFE       BL               sendDC
  164 00000188 F04F 028F       MOV              R2, #0x8F
  165 0000018C F7FF FFFE       BL               sendDC
  166 00000190         
  167 00000190 F04F 0200       MOV              R2, #0x00
  168 00000194 F7FF FFFE       BL               sendDC
  169 00000198         



ARM Macro Assembler    Page 4 


  170 00000198         
  171 00000198 F04F 02FF       MOV              R2, #0xFF
  172 0000019C F7FF FFFE       BL               sendDC
  173 000001A0         
  174 000001A0 F04F 0211       MOV              R2, #0x11
  175 000001A4 F7FF FFFE       BL               sendDC
  176 000001A8 F04F 0211       MOV              R2, #0x11
  177 000001AC F7FF FFFE       BL               sendDC
  178 000001B0 F04F 02FF       MOV              R2, #0xFF
  179 000001B4 F7FF FFFE       BL               sendDC
  180 000001B8         
  181 000001B8 F04F 0200       MOV              R2, #0x00
  182 000001BC F7FF FFFE       BL               sendDC
  183 000001C0         
  184 000001C0 F04F 02FF       MOV              R2, #0xFF
  185 000001C4 F7FF FFFE       BL               sendDC
  186 000001C8 F04F 0209       MOV              R2, #0x09
  187 000001CC F7FF FFFE       BL               sendDC
  188 000001D0 F04F 0209       MOV              R2, #0x09
  189 000001D4 F7FF FFFE       BL               sendDC
  190 000001D8 F04F 020F       MOV              R2, #0x0F
  191 000001DC F7FF FFFE       BL               sendDC
  192 000001E0         
  193 000001E0         
  194 000001E0 F04F 0200       MOV              R2, #0x00
  195 000001E4 F7FF FFFE       BL               sendDC
  196 000001E8         
  197 000001E8 F04F 02FF       MOV              R2, #0xFF
  198 000001EC F7FF FFFE       BL               sendDC
  199 000001F0 F04F 0281       MOV              R2, #0x81
  200 000001F4 F7FF FFFE       BL               sendDC
  201 000001F8 F04F 0281       MOV              R2, #0x81
  202 000001FC F7FF FFFE       BL               sendDC
  203 00000200 F04F 02FF       MOV              R2, #0xFF
  204 00000204 F7FF FFFE       BL               sendDC
  205 00000208         
  206 00000208         
  207 00000208 F04F 0200       MOV              R2, #0x00
  208 0000020C F7FF FFFE       BL               sendDC
  209 00000210         
  210 00000210         
  211 00000210 F04F 02FF       MOV              R2, #0xFF
  212 00000214 F7FF FFFE       BL               sendDC
  213 00000218 F04F 0219       MOV              R2, #0x19
  214 0000021C F7FF FFFE       BL               sendDC
  215 00000220 F04F 0269       MOV              R2, #0x69
  216 00000224 F7FF FFFE       BL               sendDC
  217 00000228 F04F 028F       MOV              R2, #0x8F
  218 0000022C F7FF FFFE       BL               sendDC
  219 00000230         
  220 00000230         
  221 00000230 F04F 0200       MOV              R2, #0x00
  222 00000234 F7FF FFFE       BL               sendDC
  223 00000238         
  224 00000238 F04F 0202       MOV              R2, #0x02
  225 0000023C F7FF FFFE       BL               sendDC
  226 00000240 F04F 02A1       MOV              R2, #0xA1
  227 00000244 F7FF FFFE       BL               sendDC
  228 00000248 F04F 0211       MOV              R2, #0x11



ARM Macro Assembler    Page 5 


  229 0000024C F7FF FFFE       BL               sendDC
  230 00000250 F04F 020E       MOV              R2, #0x0E
  231 00000254 F7FF FFFE       BL               sendDC
  232 00000258         
  233 00000258         
  234 00000258         
  235 00000258 E7FE    Loop    B                Loop
  236 0000025A         
  237 0000025A         
  238 0000025A 00 00           ALIGN
  239 0000025C                 END
              400043FC 
              4000800C 
              40008008 
Command Line: --debug --xref --diag_suppress=9931 --cpu=Cortex-M4.fp --apcs=int
erwork --depend=.\objects\main.d -o.\objects\main.o -I.\RTE\_Target_1 -IC:\Keil
_v5\ARM\PACK\Keil\TM4C_DFP\1.1.0\Device\Include\TM4C123 -IC:\Keil_v5\ARM\CMSIS\
Include --predefine="__EVAL SETA 1" --predefine="__UVISION_VERSION SETA 526" --
predefine="TM4C123GH6PM SETA 1" --list=.\listings\main.lst MAIN.s



ARM Macro Assembler    Page 1 Alphabetic symbol ordering
Relocatable symbols

LUP 0000001E

Symbol: LUP
   Definitions
      At line 32 in file MAIN.s
   Uses
      At line 35 in file MAIN.s
Comment: LUP used once
Loop 00000258

Symbol: Loop
   Definitions
      At line 235 in file MAIN.s
   Uses
      At line 235 in file MAIN.s
Comment: Loop used once
__main 00000000

Symbol: __main
   Definitions
      At line 17 in file MAIN.s
   Uses
      At line 14 in file MAIN.s
Comment: __main used once
return1 00000086

Symbol: return1
   Definitions
      At line 81 in file MAIN.s
   Uses
      At line 84 in file MAIN.s
Comment: return1 used once
subroutin 00000000

Symbol: subroutin
   Definitions
      At line 6 in file MAIN.s
   Uses
      None
Comment: subroutin unused
5 symbols



ARM Macro Assembler    Page 1 Alphabetic symbol ordering
Absolute symbols

GPIO_PORTA_DATA 400043FC

Symbol: GPIO_PORTA_DATA
   Definitions
      At line 1 in file MAIN.s
   Uses
      At line 22 in file MAIN.s
      At line 76 in file MAIN.s

SSIDR 40008008

Symbol: SSIDR
   Definitions
      At line 2 in file MAIN.s
   Uses
      At line 41 in file MAIN.s
Comment: SSIDR used once
SSISR 4000800C

Symbol: SSISR
   Definitions
      At line 3 in file MAIN.s
   Uses
      At line 31 in file MAIN.s
Comment: SSISR used once
3 symbols



ARM Macro Assembler    Page 1 Alphabetic symbol ordering
External symbols

delayy 00000000

Symbol: delayy
   Definitions
      At line 10 in file MAIN.s
   Uses
      At line 26 in file MAIN.s
Comment: delayy used once
fillzero 00000000

Symbol: fillzero
   Definitions
      At line 12 in file MAIN.s
   Uses
      At line 67 in file MAIN.s
Comment: fillzero used once
initGPIO 00000000

Symbol: initGPIO
   Definitions
      At line 9 in file MAIN.s
   Uses
      At line 18 in file MAIN.s
Comment: initGPIO used once
initSSI 00000000

Symbol: initSSI
   Definitions
      At line 8 in file MAIN.s
   Uses
      At line 19 in file MAIN.s
Comment: initSSI used once
sendDC 00000000

Symbol: sendDC
   Definitions
      At line 11 in file MAIN.s
   Uses
      At line 46 in file MAIN.s
      At line 49 in file MAIN.s
      At line 53 in file MAIN.s
      At line 57 in file MAIN.s
      At line 61 in file MAIN.s
      At line 65 in file MAIN.s
      At line 70 in file MAIN.s
      At line 73 in file MAIN.s
      At line 88 in file MAIN.s
      At line 91 in file MAIN.s
      At line 94 in file MAIN.s
      At line 97 in file MAIN.s
      At line 100 in file MAIN.s
      At line 103 in file MAIN.s
      At line 106 in file MAIN.s
      At line 108 in file MAIN.s
      At line 110 in file MAIN.s
      At line 113 in file MAIN.s
      At line 116 in file MAIN.s
      At line 118 in file MAIN.s
      At line 120 in file MAIN.s



ARM Macro Assembler    Page 2 Alphabetic symbol ordering
External symbols

      At line 122 in file MAIN.s
      At line 124 in file MAIN.s
      At line 128 in file MAIN.s
      At line 131 in file MAIN.s
      At line 133 in file MAIN.s
      At line 135 in file MAIN.s
      At line 137 in file MAIN.s
      At line 140 in file MAIN.s
      At line 143 in file MAIN.s
      At line 145 in file MAIN.s
      At line 147 in file MAIN.s
      At line 149 in file MAIN.s
      At line 152 in file MAIN.s
      At line 154 in file MAIN.s
      At line 156 in file MAIN.s
      At line 159 in file MAIN.s
      At line 161 in file MAIN.s
      At line 163 in file MAIN.s
      At line 165 in file MAIN.s
      At line 168 in file MAIN.s
      At line 172 in file MAIN.s
      At line 175 in file MAIN.s
      At line 177 in file MAIN.s
      At line 179 in file MAIN.s
      At line 182 in file MAIN.s
      At line 185 in file MAIN.s
      At line 187 in file MAIN.s
      At line 189 in file MAIN.s
      At line 191 in file MAIN.s
      At line 195 in file MAIN.s
      At line 198 in file MAIN.s
      At line 200 in file MAIN.s
      At line 202 in file MAIN.s
      At line 204 in file MAIN.s
      At line 208 in file MAIN.s
      At line 212 in file MAIN.s
      At line 214 in file MAIN.s
      At line 216 in file MAIN.s
      At line 218 in file MAIN.s
      At line 222 in file MAIN.s
      At line 225 in file MAIN.s
      At line 227 in file MAIN.s
      At line 229 in file MAIN.s
      At line 231 in file MAIN.s

5 symbols
349 symbols in table
