


ARM Macro Assembler    Page 1 


    1 00000000 400043FC 
                       GPIO_PORTA_DATA
                               EQU              0x400043FC
    2 00000000 40008008 
                       SSIDR   EQU              0x40008008
    3 00000000 4000800C 
                       SSISR   EQU              0x4000800C
    4 00000000         
    5 00000000         ;LABEL  DIRECTIVE VALUE  COMMENT
    6 00000000                 AREA             subroutin, READONLY, CODE
    7 00000000                 THUMB
    8 00000000                 EXTERN           initSSI
    9 00000000                 EXTERN           initGPIO
   10 00000000                 EXTERN           delayy
   11 00000000                 EXTERN           sendDC
   12 00000000                 EXTERN           fillzero
   13 00000000         
   14 00000000                 EXPORT           P1_won      ; Make available
   15 00000000         ; the startup2 and set_b2 files are gonna be used in thi
                       s part
   16 00000000         
   17 00000000         P1_won
   18 00000000 F7FF FFFE       BL               initGPIO    ; PORT B IS INITIAL
                                                            IZED
   19 00000004 F7FF FFFE       BL               initSSI
   20 00000008         
   21 00000008         
   22 00000008 4844            LDR              R0, =GPIO_PORTA_DATA 
                                                            ;; SENDING COMMAND
   23 0000000A 6801            LDR              R1, [R0]
   24 0000000C F021 0140       BIC              R1, #0x40
   25 00000010 6001            STR              R1, [R0]
   26 00000012         
   27 00000012 F7FF FFFE       BL               fillzero    ; the screen is cle
                                                            ared
   28 00000016         
   29 00000016 F04F 0240       MOV              R2, #0x40   ; Y POSITION
   30 0000001A F7FF FFFE       BL               sendDC
   31 0000001E         
   32 0000001E F04F 0280       MOV              R2, #0x80   ; X POSITION
   33 00000022 F7FF FFFE       BL               sendDC
   34 00000026         
   35 00000026         
   36 00000026 483D            LDR              R0, =GPIO_PORTA_DATA 
                                                            ;; SENDING DATA
   37 00000028 6801            LDR              R1, [R0]
   38 0000002A F041 0140       ORR              R1, #0x40
   39 0000002E 6001            STR              R1, [R0]
   40 00000030         
   41 00000030 6801    return1 LDR              R1, [R0]
   42 00000032 F021 01BF       BIC              R1, #0xBF
   43 00000036 2940            CMP              R1, #0x40
   44 00000038 D1FA            BNE              return1
   45 0000003A         
   46 0000003A         
   47 0000003A F04F 02FF       MOV              R2, #0xFF   ; 'P1WON' word is s
                                                            howed on the screen
                                                            
   48 0000003E F7FF FFFE       BL               sendDC      ; The datas of char



ARM Macro Assembler    Page 2 


                                                            acters are sent by 
                                                            the code below
   49 00000042         
   50 00000042 F04F 0211       MOV              R2, #0x11
   51 00000046 F7FF FFFE       BL               sendDC
   52 0000004A         
   53 0000004A F04F 0211       MOV              R2, #0x11
   54 0000004E F7FF FFFE       BL               sendDC
   55 00000052         
   56 00000052 F04F 021F       MOV              R2, #0x1F
   57 00000056 F7FF FFFE       BL               sendDC
   58 0000005A         
   59 0000005A F04F 0200       MOV              R2, #0x00
   60 0000005E F7FF FFFE       BL               sendDC
   61 00000062         
   62 00000062 F04F 02FF       MOV              R2, #0xFF
   63 00000066 F7FF FFFE       BL               sendDC
   64 0000006A         
   65 0000006A F04F 0200       MOV              R2, #0x00
   66 0000006E F7FF FFFE       BL               sendDC
   67 00000072         
   68 00000072 F04F 02FF       MOV              R2, #0xFF
   69 00000076 F7FF FFFE       BL               sendDC
   70 0000007A F04F 0280       MOV              R2, #0x80
   71 0000007E F7FF FFFE       BL               sendDC
   72 00000082 F04F 0280       MOV              R2, #0x80
   73 00000086 F7FF FFFE       BL               sendDC
   74 0000008A         
   75 0000008A F04F 02FF       MOV              R2, #0xFF
   76 0000008E F7FF FFFE       BL               sendDC
   77 00000092         
   78 00000092 F04F 0280       MOV              R2, #0x80
   79 00000096 F7FF FFFE       BL               sendDC
   80 0000009A F04F 0280       MOV              R2, #0x80
   81 0000009E F7FF FFFE       BL               sendDC
   82 000000A2 F04F 02FF       MOV              R2, #0xFF
   83 000000A6 F7FF FFFE       BL               sendDC
   84 000000AA F04F 0200       MOV              R2, #0x00
   85 000000AE F7FF FFFE       BL               sendDC
   86 000000B2 F04F 02FF       MOV              R2, #0xFF
   87 000000B6 F7FF FFFE       BL               sendDC
   88 000000BA         
   89 000000BA         
   90 000000BA F04F 0281       MOV              R2, #0x81
   91 000000BE F7FF FFFE       BL               sendDC
   92 000000C2         
   93 000000C2 F04F 0281       MOV              R2, #0x81
   94 000000C6 F7FF FFFE       BL               sendDC
   95 000000CA F04F 0281       MOV              R2, #0x81
   96 000000CE F7FF FFFE       BL               sendDC
   97 000000D2 F04F 02FF       MOV              R2, #0xFF
   98 000000D6 F7FF FFFE       BL               sendDC
   99 000000DA F04F 0200       MOV              R2, #0x00
  100 000000DE F7FF FFFE       BL               sendDC
  101 000000E2         
  102 000000E2 F04F 02FF       MOV              R2, #0xFF
  103 000000E6 F7FF FFFE       BL               sendDC
  104 000000EA         
  105 000000EA F04F 0202       MOV              R2, #0x02



ARM Macro Assembler    Page 3 


  106 000000EE F7FF FFFE       BL               sendDC
  107 000000F2 F04F 0208       MOV              R2, #0x08
  108 000000F6 F7FF FFFE       BL               sendDC
  109 000000FA F04F 0220       MOV              R2, #0x20
  110 000000FE F7FF FFFE       BL               sendDC
  111 00000102 F04F 02FF       MOV              R2, #0xFF
  112 00000106 F7FF FFFE       BL               sendDC
  113 0000010A         
  114 0000010A F04F 0200       MOV              R2, #0x00
  115 0000010E F7FF FFFE       BL               sendDC
  116 00000112 F04F 02AF       MOV              R2, #0xAF
  117 00000116 F7FF FFFE       BL               sendDC
  118 0000011A         
  119 0000011A         
  120 0000011A         
  121 0000011A         
  122 0000011A E7FE    Loop    B                Loop        ; after winner is a
                                                            ssigned the process
                                                            or enters an infini
                                                            te loop where the s
                                                            creen has the
  123 0000011C         ; announcement of the winner
  124 0000011C         
  125 0000011C         
  126 0000011C         
  127 0000011C                 ALIGN
  128 0000011C                 END
              400043FC 
Command Line: --debug --xref --diag_suppress=9931 --cpu=Cortex-M4.fp --apcs=int
erwork --depend=.\objects\p1_won.d -o.\objects\p1_won.o -I.\RTE\_Target_1 -IC:\
Keil_v5\ARM\PACK\Keil\TM4C_DFP\1.1.0\Device\Include\TM4C123 -IC:\Keil_v5\ARM\CM
SIS\Include --predefine="__EVAL SETA 1" --predefine="__UVISION_VERSION SETA 526
" --predefine="TM4C123GH6PM SETA 1" --list=.\listings\p1_won.lst p1_won.s



ARM Macro Assembler    Page 1 Alphabetic symbol ordering
Relocatable symbols

Loop 0000011A

Symbol: Loop
   Definitions
      At line 122 in file p1_won.s
   Uses
      At line 122 in file p1_won.s
Comment: Loop used once
P1_won 00000000

Symbol: P1_won
   Definitions
      At line 17 in file p1_won.s
   Uses
      At line 14 in file p1_won.s
Comment: P1_won used once
return1 00000030

Symbol: return1
   Definitions
      At line 41 in file p1_won.s
   Uses
      At line 44 in file p1_won.s
Comment: return1 used once
subroutin 00000000

Symbol: subroutin
   Definitions
      At line 6 in file p1_won.s
   Uses
      None
Comment: subroutin unused
4 symbols



ARM Macro Assembler    Page 1 Alphabetic symbol ordering
Absolute symbols

GPIO_PORTA_DATA 400043FC

Symbol: GPIO_PORTA_DATA
   Definitions
      At line 1 in file p1_won.s
   Uses
      At line 22 in file p1_won.s
      At line 36 in file p1_won.s

SSIDR 40008008

Symbol: SSIDR
   Definitions
      At line 2 in file p1_won.s
   Uses
      None
Comment: SSIDR unused
SSISR 4000800C

Symbol: SSISR
   Definitions
      At line 3 in file p1_won.s
   Uses
      None
Comment: SSISR unused
3 symbols



ARM Macro Assembler    Page 1 Alphabetic symbol ordering
External symbols

delayy 00000000

Symbol: delayy
   Definitions
      At line 10 in file p1_won.s
   Uses
      None
Comment: delayy unused
fillzero 00000000

Symbol: fillzero
   Definitions
      At line 12 in file p1_won.s
   Uses
      At line 27 in file p1_won.s
Comment: fillzero used once
initGPIO 00000000

Symbol: initGPIO
   Definitions
      At line 9 in file p1_won.s
   Uses
      At line 18 in file p1_won.s
Comment: initGPIO used once
initSSI 00000000

Symbol: initSSI
   Definitions
      At line 8 in file p1_won.s
   Uses
      At line 19 in file p1_won.s
Comment: initSSI used once
sendDC 00000000

Symbol: sendDC
   Definitions
      At line 11 in file p1_won.s
   Uses
      At line 30 in file p1_won.s
      At line 33 in file p1_won.s
      At line 48 in file p1_won.s
      At line 51 in file p1_won.s
      At line 54 in file p1_won.s
      At line 57 in file p1_won.s
      At line 60 in file p1_won.s
      At line 63 in file p1_won.s
      At line 66 in file p1_won.s
      At line 69 in file p1_won.s
      At line 71 in file p1_won.s
      At line 73 in file p1_won.s
      At line 76 in file p1_won.s
      At line 79 in file p1_won.s
      At line 81 in file p1_won.s
      At line 83 in file p1_won.s
      At line 85 in file p1_won.s
      At line 87 in file p1_won.s
      At line 91 in file p1_won.s
      At line 94 in file p1_won.s
      At line 96 in file p1_won.s



ARM Macro Assembler    Page 2 Alphabetic symbol ordering
External symbols

      At line 98 in file p1_won.s
      At line 100 in file p1_won.s
      At line 103 in file p1_won.s
      At line 106 in file p1_won.s
      At line 108 in file p1_won.s
      At line 110 in file p1_won.s
      At line 112 in file p1_won.s
      At line 115 in file p1_won.s
      At line 117 in file p1_won.s

5 symbols
348 symbols in table
