


ARM Macro Assembler    Page 1 


    1 00000000 400043FC 
                       GPIO_PORTA_DATA
                               EQU              0x400043FC
    2 00000000 40008008 
                       SSIDR   EQU              0x40008008
    3 00000000 4000800C 
                       SSISR   EQU              0x4000800C
    4 00000000         
    5 00000000         ;LABEL  DIRECTIVE VALUE  COMMENT
    6 00000000                 AREA             subroutin, READONLY, CODE
    7 00000000                 THUMB
    8 00000000                 EXTERN           initSSI
    9 00000000                 EXTERN           initGPIO
   10 00000000                 EXTERN           delayy
   11 00000000                 EXTERN           sendDC
   12 00000000                 EXTERN           fillzero
   13 00000000         
   14 00000000                 EXPORT           P2_won      ; Make available
   15 00000000         ; the startup2 and set_b2 files are gonna be used in thi
                       s part
   16 00000000         
   17 00000000         P2_won
   18 00000000 F7FF FFFE       BL               initGPIO    ; PORT B IS INITIAL
                                                            IZED
   19 00000004 F7FF FFFE       BL               initSSI
   20 00000008         
   21 00000008 4849            LDR              R0, =GPIO_PORTA_DATA 
                                                            ;; SENDING COMMAND
   22 0000000A 6801            LDR              R1, [R0]
   23 0000000C F021 0140       BIC              R1, #0x40
   24 00000010 6001            STR              R1, [R0]
   25 00000012         
   26 00000012         
   27 00000012 F7FF FFFE       BL               fillzero    ; the screen is cle
                                                            ared
   28 00000016         
   29 00000016 F04F 0240       MOV              R2, #0x40   ; Y POSITION
   30 0000001A F7FF FFFE       BL               sendDC
   31 0000001E         
   32 0000001E F04F 028A       MOV              R2, #0x8A   ; X POSITION
   33 00000022 F7FF FFFE       BL               sendDC
   34 00000026         
   35 00000026         
   36 00000026 4842            LDR              R0, =GPIO_PORTA_DATA 
                                                            ;; SENDING DATA
   37 00000028 6801            LDR              R1, [R0]
   38 0000002A F041 0140       ORR              R1, #0x40
   39 0000002E 6001            STR              R1, [R0]
   40 00000030         
   41 00000030 6801    return1 LDR              R1, [R0]
   42 00000032 F021 01BF       BIC              R1, #0xBF
   43 00000036 2940            CMP              R1, #0x40
   44 00000038 D1FA            BNE              return1
   45 0000003A         
   46 0000003A         
   47 0000003A F04F 02FF       MOV              R2, #0xFF   ; 'P2WON' word is p
                                                            rinted on the scree
                                                            n
   48 0000003E F7FF FFFE       BL               sendDC      ; the values of the



ARM Macro Assembler    Page 2 


                                                             characters are sen
                                                            t by the below code
                                                            
   49 00000042         
   50 00000042 F04F 0211       MOV              R2, #0x11
   51 00000046 F7FF FFFE       BL               sendDC
   52 0000004A         
   53 0000004A F04F 0211       MOV              R2, #0x11
   54 0000004E F7FF FFFE       BL               sendDC
   55 00000052         
   56 00000052 F04F 021F       MOV              R2, #0x1F
   57 00000056 F7FF FFFE       BL               sendDC
   58 0000005A         
   59 0000005A F04F 0200       MOV              R2, #0x00
   60 0000005E F7FF FFFE       BL               sendDC
   61 00000062         
   62 00000062 F04F 02F9       MOV              R2, #0xF9
   63 00000066 F7FF FFFE       BL               sendDC
   64 0000006A         
   65 0000006A F04F 0289       MOV              R2, #0x89
   66 0000006E         
   67 0000006E F04F 0289       MOV              R2, #0x89
   68 00000072 F7FF FFFE       BL               sendDC
   69 00000076         
   70 00000076 F04F 028F       MOV              R2, #0x8F
   71 0000007A F7FF FFFE       BL               sendDC
   72 0000007E         
   73 0000007E F04F 0200       MOV              R2, #0x00
   74 00000082 F7FF FFFE       BL               sendDC
   75 00000086         
   76 00000086 F04F 02FF       MOV              R2, #0xFF
   77 0000008A F7FF FFFE       BL               sendDC
   78 0000008E F04F 0280       MOV              R2, #0x80
   79 00000092 F7FF FFFE       BL               sendDC
   80 00000096 F04F 0280       MOV              R2, #0x80
   81 0000009A F7FF FFFE       BL               sendDC
   82 0000009E         
   83 0000009E F04F 02FF       MOV              R2, #0xFF
   84 000000A2 F7FF FFFE       BL               sendDC
   85 000000A6         
   86 000000A6 F04F 0280       MOV              R2, #0x80
   87 000000AA F7FF FFFE       BL               sendDC
   88 000000AE F04F 0280       MOV              R2, #0x80
   89 000000B2 F7FF FFFE       BL               sendDC
   90 000000B6 F04F 02FF       MOV              R2, #0xFF
   91 000000BA F7FF FFFE       BL               sendDC
   92 000000BE F04F 0200       MOV              R2, #0x00
   93 000000C2 F7FF FFFE       BL               sendDC
   94 000000C6 F04F 02FF       MOV              R2, #0xFF
   95 000000CA F7FF FFFE       BL               sendDC
   96 000000CE         
   97 000000CE         
   98 000000CE F04F 0281       MOV              R2, #0x81
   99 000000D2 F7FF FFFE       BL               sendDC
  100 000000D6         
  101 000000D6 F04F 0281       MOV              R2, #0x81
  102 000000DA F7FF FFFE       BL               sendDC
  103 000000DE F04F 0281       MOV              R2, #0x81
  104 000000E2 F7FF FFFE       BL               sendDC



ARM Macro Assembler    Page 3 


  105 000000E6 F04F 02FF       MOV              R2, #0xFF
  106 000000EA F7FF FFFE       BL               sendDC
  107 000000EE F04F 0200       MOV              R2, #0x00
  108 000000F2 F7FF FFFE       BL               sendDC
  109 000000F6         
  110 000000F6 F04F 02FF       MOV              R2, #0xFF
  111 000000FA F7FF FFFE       BL               sendDC
  112 000000FE         
  113 000000FE F04F 0202       MOV              R2, #0x02
  114 00000102 F7FF FFFE       BL               sendDC
  115 00000106 F04F 0208       MOV              R2, #0x08
  116 0000010A F7FF FFFE       BL               sendDC
  117 0000010E F04F 0220       MOV              R2, #0x20
  118 00000112 F7FF FFFE       BL               sendDC
  119 00000116 F04F 02FF       MOV              R2, #0xFF
  120 0000011A F7FF FFFE       BL               sendDC
  121 0000011E         
  122 0000011E F04F 0200       MOV              R2, #0x00
  123 00000122 F7FF FFFE       BL               sendDC
  124 00000126 F04F 02AF       MOV              R2, #0xAF
  125 0000012A F7FF FFFE       BL               sendDC
  126 0000012E         
  127 0000012E         
  128 0000012E         
  129 0000012E         
  130 0000012E E7FE    Loop    B                Loop        ; after winner is a
                                                            ssigned the process
                                                            or enters an infini
                                                            te loop where the s
                                                            creen has the
  131 00000130         ; announcement of the winner
  132 00000130         
  133 00000130         
  134 00000130                 ALIGN
  135 00000130                 END
              400043FC 
Command Line: --debug --xref --diag_suppress=9931 --cpu=Cortex-M4.fp --apcs=int
erwork --depend=.\objects\p2_won.d -o.\objects\p2_won.o -I.\RTE\_Target_1 -IC:\
Keil_v5\ARM\PACK\Keil\TM4C_DFP\1.1.0\Device\Include\TM4C123 -IC:\Keil_v5\ARM\CM
SIS\Include --predefine="__EVAL SETA 1" --predefine="__UVISION_VERSION SETA 526
" --predefine="TM4C123GH6PM SETA 1" --list=.\listings\p2_won.lst p2_won.s



ARM Macro Assembler    Page 1 Alphabetic symbol ordering
Relocatable symbols

Loop 0000012E

Symbol: Loop
   Definitions
      At line 130 in file p2_won.s
   Uses
      At line 130 in file p2_won.s
Comment: Loop used once
P2_won 00000000

Symbol: P2_won
   Definitions
      At line 17 in file p2_won.s
   Uses
      At line 14 in file p2_won.s
Comment: P2_won used once
return1 00000030

Symbol: return1
   Definitions
      At line 41 in file p2_won.s
   Uses
      At line 44 in file p2_won.s
Comment: return1 used once
subroutin 00000000

Symbol: subroutin
   Definitions
      At line 6 in file p2_won.s
   Uses
      None
Comment: subroutin unused
4 symbols



ARM Macro Assembler    Page 1 Alphabetic symbol ordering
Absolute symbols

GPIO_PORTA_DATA 400043FC

Symbol: GPIO_PORTA_DATA
   Definitions
      At line 1 in file p2_won.s
   Uses
      At line 21 in file p2_won.s
      At line 36 in file p2_won.s

SSIDR 40008008

Symbol: SSIDR
   Definitions
      At line 2 in file p2_won.s
   Uses
      None
Comment: SSIDR unused
SSISR 4000800C

Symbol: SSISR
   Definitions
      At line 3 in file p2_won.s
   Uses
      None
Comment: SSISR unused
3 symbols



ARM Macro Assembler    Page 1 Alphabetic symbol ordering
External symbols

delayy 00000000

Symbol: delayy
   Definitions
      At line 10 in file p2_won.s
   Uses
      None
Comment: delayy unused
fillzero 00000000

Symbol: fillzero
   Definitions
      At line 12 in file p2_won.s
   Uses
      At line 27 in file p2_won.s
Comment: fillzero used once
initGPIO 00000000

Symbol: initGPIO
   Definitions
      At line 9 in file p2_won.s
   Uses
      At line 18 in file p2_won.s
Comment: initGPIO used once
initSSI 00000000

Symbol: initSSI
   Definitions
      At line 8 in file p2_won.s
   Uses
      At line 19 in file p2_won.s
Comment: initSSI used once
sendDC 00000000

Symbol: sendDC
   Definitions
      At line 11 in file p2_won.s
   Uses
      At line 30 in file p2_won.s
      At line 33 in file p2_won.s
      At line 48 in file p2_won.s
      At line 51 in file p2_won.s
      At line 54 in file p2_won.s
      At line 57 in file p2_won.s
      At line 60 in file p2_won.s
      At line 63 in file p2_won.s
      At line 68 in file p2_won.s
      At line 71 in file p2_won.s
      At line 74 in file p2_won.s
      At line 77 in file p2_won.s
      At line 79 in file p2_won.s
      At line 81 in file p2_won.s
      At line 84 in file p2_won.s
      At line 87 in file p2_won.s
      At line 89 in file p2_won.s
      At line 91 in file p2_won.s
      At line 93 in file p2_won.s
      At line 95 in file p2_won.s
      At line 99 in file p2_won.s



ARM Macro Assembler    Page 2 Alphabetic symbol ordering
External symbols

      At line 102 in file p2_won.s
      At line 104 in file p2_won.s
      At line 106 in file p2_won.s
      At line 108 in file p2_won.s
      At line 111 in file p2_won.s
      At line 114 in file p2_won.s
      At line 116 in file p2_won.s
      At line 118 in file p2_won.s
      At line 120 in file p2_won.s
      At line 123 in file p2_won.s
      At line 125 in file p2_won.s

5 symbols
348 symbols in table
