


ARM Macro Assembler    Page 1 


    1 00000000 400053FC 
                       GPIO_PORTB_DATA
                               EQU              0x400053FC  ; data address
    2 00000000 40005400 
                       GPIO_PORTB_DIR
                               EQU              0x40005400
    3 00000000 40005420 
                       GPIO_PORTB_AFSEL
                               EQU              0x40005420
    4 00000000 4000551C 
                       GPIO_PORTB_DEN
                               EQU              0x4000551C
    5 00000000 40005510 
                       GPIO_PORTB_PUR
                               EQU              0x40005510
    6 00000000 4000541C 
                       GPIO_PORTB_ICR
                               EQU              0x4000541C
    7 00000000 40005414 
                       GPIO_PORTB_RIS
                               EQU              0x40005414
    8 00000000 0000000F 
                       IOB     EQU              0x0F
    9 00000000 400FE608 
                       SYSCTL_RCGCGPIO
                               EQU              0x400FE608
   10 00000000 E000E014 
                       NVIC_ST_RELOAD
                               EQU              0xE000E014
   11 00000000         
   12 00000000         
   13 00000000         ;LABEL  DIRECTIVE VALUE  COMMENT
   14 00000000                 AREA             subroutin, READONLY, CODE
   15 00000000                 THUMB
   16 00000000                 EXTERN           delayy
   17 00000000                 EXPORT           part3       ; Make available
   18 00000000         
   19 00000000         
   20 00000000         part3   PROC
   21 00000000 B503            PUSH             {R0,R1,LR}
   22 00000002 F7FF FFFE       BL               delayy
   23 00000006 4810    data    LDR              R0,=GPIO_PORTB_RIS
   24 00000008 6801            LDR              R1,[R0]     ; GET THE AFFECTED 
                                                            INPUT
   25 0000000A F021 01F0       BIC              R1,#0xF0
   26 0000000E         ;EOR   R1,R1,#0x0F
   27 0000000E 2903            CMP              R1,0x03
   28 00000010 D801            BHI              git
   29 00000012 4689            MOV              R9,R1       ; R9 WILL HOLD THE 
                                                            VALUE OF INPUT FOR 
                                                            MYST
   30 00000014 E011            B                ENDI
   31 00000016 2904    git     CMP              R1,#0x04
   32 00000018 D107            BNE              bidaagit
   33 0000001A 480C            LDR              R0,=NVIC_ST_RELOAD
   34 0000001C 6802            LDR              R2,[R0]
   35 0000001E F44F 4300       MOV              R3,#0x08000
   36 00000022 EBA2 0203       SUB              R2,R3
   37 00000026 6002            STR              R2,[R0]



ARM Macro Assembler    Page 2 


   38 00000028 E007            B                ENDI
   39 0000002A 2908    bidaagit
                               CMP              R1,#0x08
   40 0000002C D1EB            BNE              data
   41 0000002E 4807            LDR              R0,=NVIC_ST_RELOAD
   42 00000030 6802            LDR              R2,[R0]
   43 00000032 F44F 3380       MOV              R3,#0x10000
   44 00000036 441A            ADD              R2,R3
   45 00000038 6002            STR              R2,[R0]
   46 0000003A         
   47 0000003A 4805    ENDI    LDR              R0,=GPIO_PORTB_ICR
   48 0000003C F04F 01FF       MOV              R1,#0xFF
   49 00000040 6001            STR              R1,[R0]     ; CLEAR INTERRUPT
   50 00000042 E8BD 4003       POP              {R0,R1,LR}
   51 00000046 4770            BX               LR
   52 00000048                 ENDP
   53 00000048         
   54 00000048         
                       
              40005414 
              E000E014 
              4000541C 
Command Line: --debug --xref --diag_suppress=9931 --cpu=Cortex-M4.fp --apcs=int
erwork --depend=.\objects\part3.d -o.\objects\part3.o -I.\RTE\_Target_1 -IC:\Ke
il_v5\ARM\PACK\Keil\TM4C_DFP\1.1.0\Device\Include\TM4C123 -IC:\Keil_v5\ARM\CMSI
S\Include --predefine="__EVAL SETA 1" --predefine="__UVISION_VERSION SETA 526" 
--predefine="TM4C123GH6PM SETA 1" --list=.\listings\part3.lst ..\lab3\part3.s



ARM Macro Assembler    Page 1 Alphabetic symbol ordering
Relocatable symbols

ENDI 0000003A

Symbol: ENDI
   Definitions
      At line 47 in file ..\lab3\part3.s
   Uses
      At line 30 in file ..\lab3\part3.s
      At line 38 in file ..\lab3\part3.s

bidaagit 0000002A

Symbol: bidaagit
   Definitions
      At line 39 in file ..\lab3\part3.s
   Uses
      At line 32 in file ..\lab3\part3.s
Comment: bidaagit used once
data 00000006

Symbol: data
   Definitions
      At line 23 in file ..\lab3\part3.s
   Uses
      At line 40 in file ..\lab3\part3.s
Comment: data used once
git 00000016

Symbol: git
   Definitions
      At line 31 in file ..\lab3\part3.s
   Uses
      At line 28 in file ..\lab3\part3.s
Comment: git used once
part3 00000000

Symbol: part3
   Definitions
      At line 20 in file ..\lab3\part3.s
   Uses
      At line 17 in file ..\lab3\part3.s
Comment: part3 used once
subroutin 00000000

Symbol: subroutin
   Definitions
      At line 14 in file ..\lab3\part3.s
   Uses
      None
Comment: subroutin unused
6 symbols



ARM Macro Assembler    Page 1 Alphabetic symbol ordering
Absolute symbols

GPIO_PORTB_AFSEL 40005420

Symbol: GPIO_PORTB_AFSEL
   Definitions
      At line 3 in file ..\lab3\part3.s
   Uses
      None
Comment: GPIO_PORTB_AFSEL unused
GPIO_PORTB_DATA 400053FC

Symbol: GPIO_PORTB_DATA
   Definitions
      At line 1 in file ..\lab3\part3.s
   Uses
      None
Comment: GPIO_PORTB_DATA unused
GPIO_PORTB_DEN 4000551C

Symbol: GPIO_PORTB_DEN
   Definitions
      At line 4 in file ..\lab3\part3.s
   Uses
      None
Comment: GPIO_PORTB_DEN unused
GPIO_PORTB_DIR 40005400

Symbol: GPIO_PORTB_DIR
   Definitions
      At line 2 in file ..\lab3\part3.s
   Uses
      None
Comment: GPIO_PORTB_DIR unused
GPIO_PORTB_ICR 4000541C

Symbol: GPIO_PORTB_ICR
   Definitions
      At line 6 in file ..\lab3\part3.s
   Uses
      At line 47 in file ..\lab3\part3.s
Comment: GPIO_PORTB_ICR used once
GPIO_PORTB_PUR 40005510

Symbol: GPIO_PORTB_PUR
   Definitions
      At line 5 in file ..\lab3\part3.s
   Uses
      None
Comment: GPIO_PORTB_PUR unused
GPIO_PORTB_RIS 40005414

Symbol: GPIO_PORTB_RIS
   Definitions
      At line 7 in file ..\lab3\part3.s
   Uses
      At line 23 in file ..\lab3\part3.s
Comment: GPIO_PORTB_RIS used once
IOB 0000000F

Symbol: IOB



ARM Macro Assembler    Page 2 Alphabetic symbol ordering
Absolute symbols

   Definitions
      At line 8 in file ..\lab3\part3.s
   Uses
      None
Comment: IOB unused
NVIC_ST_RELOAD E000E014

Symbol: NVIC_ST_RELOAD
   Definitions
      At line 10 in file ..\lab3\part3.s
   Uses
      At line 33 in file ..\lab3\part3.s
      At line 41 in file ..\lab3\part3.s

SYSCTL_RCGCGPIO 400FE608

Symbol: SYSCTL_RCGCGPIO
   Definitions
      At line 9 in file ..\lab3\part3.s
   Uses
      None
Comment: SYSCTL_RCGCGPIO unused
10 symbols



ARM Macro Assembler    Page 1 Alphabetic symbol ordering
External symbols

delayy 00000000

Symbol: delayy
   Definitions
      At line 16 in file ..\lab3\part3.s
   Uses
      At line 22 in file ..\lab3\part3.s
Comment: delayy used once
1 symbol
353 symbols in table
