


ARM Macro Assembler    Page 1 


    1 00000000 400043FC 
                       GPIO_PORTA_DATA
                               EQU              0x400043FC
    2 00000000 40008008 
                       SSIDR   EQU              0x40008008
    3 00000000 4000800C 
                       SSISR   EQU              0x4000800C
    4 00000000 E000E010 
                       NVIC_ST_CTRL
                               EQU              0xE000E010
    5 00000000 E000E014 
                       NVIC_ST_RELOAD
                               EQU              0xE000E014
    6 00000000 E000E018 
                       NVIC_ST_CURRENT
                               EQU              0xE000E018
    7 00000000 E000ED20 
                       SHP_SYSPRI3
                               EQU              0xE000ED20
    8 00000000         
    9 00000000         ;LABEL  DIRECTIVE VALUE  COMMENT
   10 00000000                 AREA             subroutin, READONLY, CODE
   11 00000000                 THUMB
   12 00000000                 EXTERN           sendDC
   13 00000000                 EXTERN           decision
   14 00000000         
   15 00000000                 EXPORT           timetable   ; Make available
   16 00000000         ; the startup2 and set_b2 files are gonna be used in thi
                       s part
   17 00000000         
   18 00000000         timetable
                               PROC                         ; THIS PART OF THE 
                                                            CODE RESETS THE WHO
                                                            LE DATA IN NOKIA LC
                                                            D
   19 00000000         
   20 00000000 E92D 5FFF       PUSH             {R0-R12, LR}
   21 00000004         
   22 00000004 4800            LDR              R0, =GPIO_PORTA_DATA
   23 00000006 00 00 400043FC  LTORG
   24 0000000C         
   25 0000000C 6801            LDR              R1, [R0]
   26 0000000E F021 0140       BIC              R1, #0x40   ; COMMAND MODE
   27 00000012 6001            STR              R1, [R0]
   28 00000014         
   29 00000014         
   30 00000014 F04F 0240       MOV              R2, #0x40   ; Y POSITION
   31 00000018 F7FF FFFE       BL               sendDC
   32 0000001C         
   33 0000001C F04F 02CC       MOV              R2, #0xCC   ; X POSITION
   34 00000020 F7FF FFFE       BL               sendDC
   35 00000024         
   36 00000024         
   37 00000024         
   38 00000024 4800            LDR              R0, =GPIO_PORTA_DATA
   39 00000026 00 00 400043FC  LTORG
   40 0000002C 6801            LDR              R1, [R0]
   41 0000002E F041 0140       ORR              R1, #0x40
   42 00000032 6001            STR              R1, [R0]



ARM Macro Assembler    Page 2 


   43 00000034         
   44 00000034 4800            LDR              R0, =SSIDR
   45 00000036 00 00 40008008  LTORG
   46 0000003C         
   47 0000003C F1BA 0F14       CMP              R10, #20    ; the numbers will 
                                                            be sent considering
                                                             the value of R10 w
                                                            hich has the instan
                                                            t value 
   48 00000040         ;of seconds
   49 00000040 D11F            BNE              ondokuz
   50 00000042 F04F 02C2       MOV              R2, #0xC2
   51 00000046 F7FF FFFE       BL               sendDC
   52 0000004A F04F 02A1       MOV              R2, #0xA1
   53 0000004E F7FF FFFE       BL               sendDC
   54 00000052 F04F 0299       MOV              R2, #0x99
   55 00000056 F7FF FFFE       BL               sendDC
   56 0000005A F04F 0286       MOV              R2, #0x86
   57 0000005E F7FF FFFE       BL               sendDC
   58 00000062 F04F 027E       MOV              R2, #0x7E
   59 00000066 F7FF FFFE       BL               sendDC
   60 0000006A F04F 0281       MOV              R2, #0x81
   61 0000006E F7FF FFFE       BL               sendDC
   62 00000072 F04F 0281       MOV              R2, #0x81
   63 00000076 F7FF FFFE       BL               sendDC
   64 0000007A F04F 027E       MOV              R2, #0x7E
   65 0000007E F7FF FFFE       BL               sendDC
   66 00000082         
   67 00000082 F1BA 0F13 
                       ondokuz CMP              R10, #19
   68 00000086 D11F            BNE              onsekiz
   69 00000088 F04F 0200       MOV              R2, #0x00
   70 0000008C F7FF FFFE       BL               sendDC
   71 00000090 F04F 0200       MOV              R2, #0x00
   72 00000094 F7FF FFFE       BL               sendDC
   73 00000098 F04F 0202       MOV              R2, #0x02
   74 0000009C F7FF FFFE       BL               sendDC
   75 000000A0 F04F 02FF       MOV              R2, #0xFF
   76 000000A4 F7FF FFFE       BL               sendDC
   77 000000A8 F04F 0246       MOV              R2, #0x46
   78 000000AC F7FF FFFE       BL               sendDC
   79 000000B0 F04F 0289       MOV              R2, #0x89
   80 000000B4 F7FF FFFE       BL               sendDC
   81 000000B8 F04F 0289       MOV              R2, #0x89
   82 000000BC F7FF FFFE       BL               sendDC
   83 000000C0 F04F 027E       MOV              R2, #0x7E
   84 000000C4 F7FF FFFE       BL               sendDC
   85 000000C8         
   86 000000C8         
   87 000000C8 F1BA 0F12 
                       onsekiz CMP              R10, #18
   88 000000CC D11F            BNE              onyedi
   89 000000CE F04F 0200       MOV              R2, #0x00
   90 000000D2 F7FF FFFE       BL               sendDC
   91 000000D6 F04F 0200       MOV              R2, #0x00
   92 000000DA F7FF FFFE       BL               sendDC
   93 000000DE F04F 0202       MOV              R2, #0x02
   94 000000E2 F7FF FFFE       BL               sendDC
   95 000000E6 F04F 02FF       MOV              R2, #0xFF



ARM Macro Assembler    Page 3 


   96 000000EA F7FF FFFE       BL               sendDC
   97 000000EE F04F 0276       MOV              R2, #0x76
   98 000000F2 F7FF FFFE       BL               sendDC
   99 000000F6 F04F 0289       MOV              R2, #0x89
  100 000000FA F7FF FFFE       BL               sendDC
  101 000000FE F04F 0289       MOV              R2, #0x89
  102 00000102 F7FF FFFE       BL               sendDC
  103 00000106 F04F 0276       MOV              R2, #0x76
  104 0000010A F7FF FFFE       BL               sendDC
  105 0000010E         
  106 0000010E F1BA 0F11 
                       onyedi  CMP              R10, #17
  107 00000112 D11F            BNE              onalti
  108 00000114 F04F 0200       MOV              R2, #0x00
  109 00000118 F7FF FFFE       BL               sendDC
  110 0000011C F04F 0200       MOV              R2, #0x00
  111 00000120 F7FF FFFE       BL               sendDC
  112 00000124 F04F 0202       MOV              R2, #0x02
  113 00000128 F7FF FFFE       BL               sendDC
  114 0000012C F04F 02FF       MOV              R2, #0xFF
  115 00000130 F7FF FFFE       BL               sendDC
  116 00000134 F04F 0203       MOV              R2, #0x03
  117 00000138 F7FF FFFE       BL               sendDC
  118 0000013C F04F 02F1       MOV              R2, #0xF1
  119 00000140 F7FF FFFE       BL               sendDC
  120 00000144 F04F 0209       MOV              R2, #0x09
  121 00000148 F7FF FFFE       BL               sendDC
  122 0000014C F04F 0207       MOV              R2, #0x07
  123 00000150 F7FF FFFE       BL               sendDC
  124 00000154         
  125 00000154 F1BA 0F10 
                       onalti  CMP              R10, #16
  126 00000158 D11F            BNE              onbes
  127 0000015A F04F 0200       MOV              R2, #0x00
  128 0000015E F7FF FFFE       BL               sendDC
  129 00000162 F04F 0200       MOV              R2, #0x00
  130 00000166 F7FF FFFE       BL               sendDC
  131 0000016A F04F 0202       MOV              R2, #0x02
  132 0000016E F7FF FFFE       BL               sendDC
  133 00000172 F04F 02FF       MOV              R2, #0xFF
  134 00000176 F7FF FFFE       BL               sendDC
  135 0000017A F04F 027E       MOV              R2, #0x7E
  136 0000017E F7FF FFFE       BL               sendDC
  137 00000182 F04F 0289       MOV              R2, #0x89
  138 00000186 F7FF FFFE       BL               sendDC
  139 0000018A F04F 0289       MOV              R2, #0x89
  140 0000018E F7FF FFFE       BL               sendDC
  141 00000192 F04F 0272       MOV              R2, #0x72
  142 00000196 F7FF FFFE       BL               sendDC
  143 0000019A         
  144 0000019A F1BA 0F0F 
                       onbes   CMP              R10, #15
  145 0000019E D11F            BNE              ondort
  146 000001A0 F04F 0200       MOV              R2, #0x00
  147 000001A4 F7FF FFFE       BL               sendDC
  148 000001A8 F04F 0200       MOV              R2, #0x00
  149 000001AC F7FF FFFE       BL               sendDC
  150 000001B0 F04F 0202       MOV              R2, #0x02
  151 000001B4 F7FF FFFE       BL               sendDC



ARM Macro Assembler    Page 4 


  152 000001B8 F04F 02FF       MOV              R2, #0xFF
  153 000001BC F7FF FFFE       BL               sendDC
  154 000001C0 F04F 024F       MOV              R2, #0x4F
  155 000001C4 F7FF FFFE       BL               sendDC
  156 000001C8 F04F 0289       MOV              R2, #0x89
  157 000001CC F7FF FFFE       BL               sendDC
  158 000001D0 F04F 0289       MOV              R2, #0x89
  159 000001D4 F7FF FFFE       BL               sendDC
  160 000001D8 F04F 0271       MOV              R2, #0x71
  161 000001DC F7FF FFFE       BL               sendDC
  162 000001E0         
  163 000001E0         
  164 000001E0 F1BA 0F0E 
                       ondort  CMP              R10, #14
  165 000001E4 D11F            BNE              onuc
  166 000001E6 F04F 0200       MOV              R2, #0x00
  167 000001EA F7FF FFFE       BL               sendDC
  168 000001EE F04F 0200       MOV              R2, #0x00
  169 000001F2 F7FF FFFE       BL               sendDC
  170 000001F6 F04F 0202       MOV              R2, #0x02
  171 000001FA F7FF FFFE       BL               sendDC
  172 000001FE F04F 02FF       MOV              R2, #0xFF
  173 00000202 F7FF FFFE       BL               sendDC
  174 00000206 F04F 0218       MOV              R2, #0x18
  175 0000020A F7FF FFFE       BL               sendDC
  176 0000020E F04F 0214       MOV              R2, #0x14
  177 00000212 F7FF FFFE       BL               sendDC
  178 00000216 F04F 0212       MOV              R2, #0x12
  179 0000021A F7FF FFFE       BL               sendDC
  180 0000021E F04F 02FF       MOV              R2, #0xFF
  181 00000222 F7FF FFFE       BL               sendDC
  182 00000226         
  183 00000226         
  184 00000226 F1BA 0F0D 
                       onuc    CMP              R10, #13
  185 0000022A D11F            BNE              oniki
  186 0000022C F04F 0200       MOV              R2, #0x00
  187 00000230 F7FF FFFE       BL               sendDC
  188 00000234 F04F 0200       MOV              R2, #0x00
  189 00000238 F7FF FFFE       BL               sendDC
  190 0000023C F04F 0202       MOV              R2, #0x02
  191 00000240 F7FF FFFE       BL               sendDC
  192 00000244 F04F 02FF       MOV              R2, #0xFF
  193 00000248 F7FF FFFE       BL               sendDC
  194 0000024C F04F 0242       MOV              R2, #0x42
  195 00000250 F7FF FFFE       BL               sendDC
  196 00000254 F04F 0289       MOV              R2, #0x89
  197 00000258 F7FF FFFE       BL               sendDC
  198 0000025C F04F 0289       MOV              R2, #0x89
  199 00000260 F7FF FFFE       BL               sendDC
  200 00000264 F04F 0276       MOV              R2, #0x76
  201 00000268 F7FF FFFE       BL               sendDC
  202 0000026C         
  203 0000026C F1BA 0F0C 
                       oniki   CMP              R10, #12
  204 00000270 D11F            BNE              onbir
  205 00000272 F04F 0200       MOV              R2, #0x00
  206 00000276 F7FF FFFE       BL               sendDC
  207 0000027A F04F 0200       MOV              R2, #0x00



ARM Macro Assembler    Page 5 


  208 0000027E F7FF FFFE       BL               sendDC
  209 00000282 F04F 0202       MOV              R2, #0x02
  210 00000286 F7FF FFFE       BL               sendDC
  211 0000028A F04F 02FF       MOV              R2, #0xFF
  212 0000028E F7FF FFFE       BL               sendDC
  213 00000292 F04F 02C2       MOV              R2, #0xC2
  214 00000296 F7FF FFFE       BL               sendDC
  215 0000029A F04F 02A1       MOV              R2, #0xA1
  216 0000029E F7FF FFFE       BL               sendDC
  217 000002A2 F04F 0299       MOV              R2, #0x99
  218 000002A6 F7FF FFFE       BL               sendDC
  219 000002AA F04F 0286       MOV              R2, #0x86
  220 000002AE F7FF FFFE       BL               sendDC
  221 000002B2         
  222 000002B2 F1BA 0F0B 
                       onbir   CMP              R10, #11
  223 000002B6 D11F            BNE              onn
  224 000002B8 F04F 0200       MOV              R2, #0x00
  225 000002BC F7FF FFFE       BL               sendDC
  226 000002C0 F04F 0200       MOV              R2, #0x00
  227 000002C4 F7FF FFFE       BL               sendDC
  228 000002C8 F04F 0202       MOV              R2, #0x02
  229 000002CC F7FF FFFE       BL               sendDC
  230 000002D0 F04F 02FF       MOV              R2, #0xFF
  231 000002D4 F7FF FFFE       BL               sendDC
  232 000002D8 F04F 0200       MOV              R2, #0x00
  233 000002DC F7FF FFFE       BL               sendDC
  234 000002E0 F04F 0200       MOV              R2, #0x00
  235 000002E4 F7FF FFFE       BL               sendDC
  236 000002E8 F04F 0202       MOV              R2, #0x02
  237 000002EC F7FF FFFE       BL               sendDC
  238 000002F0 F04F 02FF       MOV              R2, #0xFF
  239 000002F4 F7FF FFFE       BL               sendDC
  240 000002F8         
  241 000002F8         
  242 000002F8 F1BA 0F0A 
                       onn     CMP              R10, #10
  243 000002FC D11F            BNE              dokuz
  244 000002FE F04F 0200       MOV              R2, #0x00
  245 00000302 F7FF FFFE       BL               sendDC
  246 00000306 F04F 0200       MOV              R2, #0x00
  247 0000030A F7FF FFFE       BL               sendDC
  248 0000030E F04F 0202       MOV              R2, #0x02
  249 00000312 F7FF FFFE       BL               sendDC
  250 00000316 F04F 02FF       MOV              R2, #0xFF
  251 0000031A F7FF FFFE       BL               sendDC
  252 0000031E F04F 027E       MOV              R2, #0x7E
  253 00000322 F7FF FFFE       BL               sendDC
  254 00000326 F04F 0281       MOV              R2, #0x81
  255 0000032A F7FF FFFE       BL               sendDC
  256 0000032E F04F 0281       MOV              R2, #0x81
  257 00000332 F7FF FFFE       BL               sendDC
  258 00000336 F04F 027E       MOV              R2, #0x7E
  259 0000033A F7FF FFFE       BL               sendDC
  260 0000033E         
  261 0000033E F1BA 0F09 
                       dokuz   CMP              R10, #9
  262 00000342 D11F            BNE              sekiz
  263 00000344 F04F 027E       MOV              R2, #0x7E



ARM Macro Assembler    Page 6 


  264 00000348 F7FF FFFE       BL               sendDC
  265 0000034C F04F 0281       MOV              R2, #0x81
  266 00000350 F7FF FFFE       BL               sendDC
  267 00000354 F04F 0281       MOV              R2, #0x81
  268 00000358 F7FF FFFE       BL               sendDC
  269 0000035C F04F 027E       MOV              R2, #0x7E
  270 00000360 F7FF FFFE       BL               sendDC
  271 00000364 F04F 0246       MOV              R2, #0x46
  272 00000368 F7FF FFFE       BL               sendDC
  273 0000036C F04F 0289       MOV              R2, #0x89
  274 00000370 F7FF FFFE       BL               sendDC
  275 00000374 F04F 0289       MOV              R2, #0x89
  276 00000378 F7FF FFFE       BL               sendDC
  277 0000037C F04F 027E       MOV              R2, #0x7E
  278 00000380 F7FF FFFE       BL               sendDC
  279 00000384         
  280 00000384         
  281 00000384 F1BA 0F08 
                       sekiz   CMP              R10, #8
  282 00000388 D11F            BNE              yedi
  283 0000038A F04F 027E       MOV              R2, #0x7E
  284 0000038E F7FF FFFE       BL               sendDC
  285 00000392 F04F 0281       MOV              R2, #0x81
  286 00000396 F7FF FFFE       BL               sendDC
  287 0000039A F04F 0281       MOV              R2, #0x81
  288 0000039E F7FF FFFE       BL               sendDC
  289 000003A2 F04F 027E       MOV              R2, #0x7E
  290 000003A6 F7FF FFFE       BL               sendDC
  291 000003AA F04F 0276       MOV              R2, #0x76
  292 000003AE F7FF FFFE       BL               sendDC
  293 000003B2 F04F 0289       MOV              R2, #0x89
  294 000003B6 F7FF FFFE       BL               sendDC
  295 000003BA F04F 0289       MOV              R2, #0x89
  296 000003BE F7FF FFFE       BL               sendDC
  297 000003C2 F04F 0276       MOV              R2, #0x76
  298 000003C6 F7FF FFFE       BL               sendDC
  299 000003CA         
  300 000003CA         
  301 000003CA F1BA 0F07 
                       yedi    CMP              R10, #7
  302 000003CE D11F            BNE              alti
  303 000003D0 F04F 027E       MOV              R2, #0x7E
  304 000003D4 F7FF FFFE       BL               sendDC
  305 000003D8 F04F 0281       MOV              R2, #0x81
  306 000003DC F7FF FFFE       BL               sendDC
  307 000003E0 F04F 0281       MOV              R2, #0x81
  308 000003E4 F7FF FFFE       BL               sendDC
  309 000003E8 F04F 027E       MOV              R2, #0x7E
  310 000003EC F7FF FFFE       BL               sendDC
  311 000003F0 F04F 0203       MOV              R2, #0x03
  312 000003F4 F7FF FFFE       BL               sendDC
  313 000003F8 F04F 02F1       MOV              R2, #0xF1
  314 000003FC F7FF FFFE       BL               sendDC
  315 00000400 F04F 0209       MOV              R2, #0x09
  316 00000404 F7FF FFFE       BL               sendDC
  317 00000408 F04F 0207       MOV              R2, #0x07
  318 0000040C F7FF FFFE       BL               sendDC
  319 00000410         
  320 00000410         



ARM Macro Assembler    Page 7 


  321 00000410 F1BA 0F06 
                       alti    CMP              R10, #6
  322 00000414 D11F            BNE              bes
  323 00000416 F04F 027E       MOV              R2, #0x7E
  324 0000041A F7FF FFFE       BL               sendDC
  325 0000041E F04F 0281       MOV              R2, #0x81
  326 00000422 F7FF FFFE       BL               sendDC
  327 00000426 F04F 0281       MOV              R2, #0x81
  328 0000042A F7FF FFFE       BL               sendDC
  329 0000042E F04F 027E       MOV              R2, #0x7E
  330 00000432 F7FF FFFE       BL               sendDC
  331 00000436 F04F 027E       MOV              R2, #0x7E
  332 0000043A F7FF FFFE       BL               sendDC
  333 0000043E F04F 0289       MOV              R2, #0x89
  334 00000442 F7FF FFFE       BL               sendDC
  335 00000446 F04F 0289       MOV              R2, #0x89
  336 0000044A F7FF FFFE       BL               sendDC
  337 0000044E F04F 0272       MOV              R2, #0x72
  338 00000452 F7FF FFFE       BL               sendDC
  339 00000456         
  340 00000456         
  341 00000456 F1BA 0F05 
                       bes     CMP              R10, #5
  342 0000045A D11F            BNE              dort
  343 0000045C F04F 027E       MOV              R2, #0x7E
  344 00000460 F7FF FFFE       BL               sendDC
  345 00000464 F04F 0281       MOV              R2, #0x81
  346 00000468 F7FF FFFE       BL               sendDC
  347 0000046C F04F 0281       MOV              R2, #0x81
  348 00000470 F7FF FFFE       BL               sendDC
  349 00000474 F04F 027E       MOV              R2, #0x7E
  350 00000478 F7FF FFFE       BL               sendDC
  351 0000047C F04F 024F       MOV              R2, #0x4F
  352 00000480 F7FF FFFE       BL               sendDC
  353 00000484 F04F 0289       MOV              R2, #0x89
  354 00000488 F7FF FFFE       BL               sendDC
  355 0000048C F04F 0289       MOV              R2, #0x89
  356 00000490 F7FF FFFE       BL               sendDC
  357 00000494 F04F 0271       MOV              R2, #0x71
  358 00000498 F7FF FFFE       BL               sendDC
  359 0000049C         
  360 0000049C         
  361 0000049C F1BA 0F04 
                       dort    CMP              R10, #4
  362 000004A0 D11F            BNE              uc
  363 000004A2 F04F 027E       MOV              R2, #0x7E
  364 000004A6 F7FF FFFE       BL               sendDC
  365 000004AA F04F 0281       MOV              R2, #0x81
  366 000004AE F7FF FFFE       BL               sendDC
  367 000004B2 F04F 0281       MOV              R2, #0x81
  368 000004B6 F7FF FFFE       BL               sendDC
  369 000004BA F04F 027E       MOV              R2, #0x7E
  370 000004BE F7FF FFFE       BL               sendDC
  371 000004C2 F04F 0218       MOV              R2, #0x18
  372 000004C6 F7FF FFFE       BL               sendDC
  373 000004CA F04F 0214       MOV              R2, #0x14
  374 000004CE F7FF FFFE       BL               sendDC
  375 000004D2 F04F 0212       MOV              R2, #0x12
  376 000004D6 F7FF FFFE       BL               sendDC



ARM Macro Assembler    Page 8 


  377 000004DA F04F 02FF       MOV              R2, #0xFF
  378 000004DE F7FF FFFE       BL               sendDC
  379 000004E2         
  380 000004E2         
  381 000004E2         
  382 000004E2 F1BA 0F03 
                       uc      CMP              R10, #3
  383 000004E6 D11F            BNE              iki
  384 000004E8 F04F 027E       MOV              R2, #0x7E
  385 000004EC F7FF FFFE       BL               sendDC
  386 000004F0 F04F 0281       MOV              R2, #0x81
  387 000004F4 F7FF FFFE       BL               sendDC
  388 000004F8 F04F 0281       MOV              R2, #0x81
  389 000004FC F7FF FFFE       BL               sendDC
  390 00000500 F04F 027E       MOV              R2, #0x7E
  391 00000504 F7FF FFFE       BL               sendDC
  392 00000508 F04F 0242       MOV              R2, #0x42
  393 0000050C F7FF FFFE       BL               sendDC
  394 00000510 F04F 0289       MOV              R2, #0x89
  395 00000514 F7FF FFFE       BL               sendDC
  396 00000518 F04F 0289       MOV              R2, #0x89
  397 0000051C F7FF FFFE       BL               sendDC
  398 00000520 F04F 0276       MOV              R2, #0x76
  399 00000524 F7FF FFFE       BL               sendDC
  400 00000528         
  401 00000528         
  402 00000528 F1BA 0F02 
                       iki     CMP              R10, #2
  403 0000052C D11F            BNE              bir
  404 0000052E F04F 027E       MOV              R2, #0x7E
  405 00000532 F7FF FFFE       BL               sendDC
  406 00000536 F04F 0281       MOV              R2, #0x81
  407 0000053A F7FF FFFE       BL               sendDC
  408 0000053E F04F 0281       MOV              R2, #0x81
  409 00000542 F7FF FFFE       BL               sendDC
  410 00000546 F04F 027E       MOV              R2, #0x7E
  411 0000054A F7FF FFFE       BL               sendDC
  412 0000054E F04F 02C2       MOV              R2, #0xC2
  413 00000552 F7FF FFFE       BL               sendDC
  414 00000556 F04F 02A1       MOV              R2, #0xA1
  415 0000055A F7FF FFFE       BL               sendDC
  416 0000055E F04F 0299       MOV              R2, #0x99
  417 00000562 F7FF FFFE       BL               sendDC
  418 00000566 F04F 0286       MOV              R2, #0x86
  419 0000056A F7FF FFFE       BL               sendDC
  420 0000056E         
  421 0000056E         
  422 0000056E F1BA 0F01 
                       bir     CMP              R10, #1
  423 00000572 D11F            BNE              sifir
  424 00000574 F04F 027E       MOV              R2, #0x7E
  425 00000578 F7FF FFFE       BL               sendDC
  426 0000057C F04F 0281       MOV              R2, #0x81
  427 00000580 F7FF FFFE       BL               sendDC
  428 00000584 F04F 0281       MOV              R2, #0x81
  429 00000588 F7FF FFFE       BL               sendDC
  430 0000058C F04F 027E       MOV              R2, #0x7E
  431 00000590 F7FF FFFE       BL               sendDC
  432 00000594 F04F 0200       MOV              R2, #0x00



ARM Macro Assembler    Page 9 


  433 00000598 F7FF FFFE       BL               sendDC
  434 0000059C F04F 0200       MOV              R2, #0x00
  435 000005A0 F7FF FFFE       BL               sendDC
  436 000005A4 F04F 0202       MOV              R2, #0x02
  437 000005A8 F7FF FFFE       BL               sendDC
  438 000005AC F04F 02FF       MOV              R2, #0xFF
  439 000005B0 F7FF FFFE       BL               sendDC
  440 000005B4         
  441 000005B4         
  442 000005B4 F1BA 0F00 
                       sifir   CMP              R10, #0
  443 000005B8 D125            BNE              endd
  444 000005BA F04F 027E       MOV              R2, #0x7E
  445 000005BE F7FF FFFE       BL               sendDC
  446 000005C2 F04F 0281       MOV              R2, #0x81
  447 000005C6 F7FF FFFE       BL               sendDC
  448 000005CA F04F 0281       MOV              R2, #0x81
  449 000005CE F7FF FFFE       BL               sendDC
  450 000005D2 F04F 027E       MOV              R2, #0x7E
  451 000005D6 F7FF FFFE       BL               sendDC
  452 000005DA F04F 027E       MOV              R2, #0x7E
  453 000005DE F7FF FFFE       BL               sendDC
  454 000005E2 F04F 0281       MOV              R2, #0x81
  455 000005E6 F7FF FFFE       BL               sendDC
  456 000005EA F04F 0281       MOV              R2, #0x81
  457 000005EE F7FF FFFE       BL               sendDC
  458 000005F2 F04F 027E       MOV              R2, #0x7E
  459 000005F6 F7FF FFFE       BL               sendDC
  460 000005FA         
  461 000005FA 4804            LDR              R0, =NVIC_ST_CTRL ; SYSTICK con
                                                            trol and status reg
                                                            ister
  462 000005FC F04F 0100       MOV              R1, #0
  463 00000600 6001            STR              R1, [R0]    ; stop counter to p
                                                            revent interrupt tr
                                                            iggered accidentall
                                                            y
  464 00000602         
  465 00000602 F7FF FFFE       BL               decision
  466 00000606         
  467 00000606         
  468 00000606 E8BD 5FFF 
                       endd    POP              {R0-R12, LR}
  469 0000060A 4770            BX               LR
  470 0000060C         
  471 0000060C                 ENDP
                       
              E000E010 
Command Line: --debug --xref --diag_suppress=9931 --cpu=Cortex-M4.fp --apcs=int
erwork --depend=.\objects\timetable.d -o.\objects\timetable.o -I.\RTE\_Target_1
 -IC:\Keil_v5\ARM\PACK\Keil\TM4C_DFP\1.1.0\Device\Include\TM4C123 -IC:\Keil_v5\
ARM\CMSIS\Include --predefine="__EVAL SETA 1" --predefine="__UVISION_VERSION SE
TA 526" --predefine="TM4C123GH6PM SETA 1" --list=.\listings\timetable.lst timet
able.s



ARM Macro Assembler    Page 1 Alphabetic symbol ordering
Relocatable symbols

alti 00000410

Symbol: alti
   Definitions
      At line 321 in file timetable.s
   Uses
      At line 302 in file timetable.s
Comment: alti used once
bes 00000456

Symbol: bes
   Definitions
      At line 341 in file timetable.s
   Uses
      At line 322 in file timetable.s
Comment: bes used once
bir 0000056E

Symbol: bir
   Definitions
      At line 422 in file timetable.s
   Uses
      At line 403 in file timetable.s
Comment: bir used once
dokuz 0000033E

Symbol: dokuz
   Definitions
      At line 261 in file timetable.s
   Uses
      At line 243 in file timetable.s
Comment: dokuz used once
dort 0000049C

Symbol: dort
   Definitions
      At line 361 in file timetable.s
   Uses
      At line 342 in file timetable.s
Comment: dort used once
endd 00000606

Symbol: endd
   Definitions
      At line 468 in file timetable.s
   Uses
      At line 443 in file timetable.s
Comment: endd used once
iki 00000528

Symbol: iki
   Definitions
      At line 402 in file timetable.s
   Uses
      At line 383 in file timetable.s
Comment: iki used once
onalti 00000154

Symbol: onalti



ARM Macro Assembler    Page 2 Alphabetic symbol ordering
Relocatable symbols

   Definitions
      At line 125 in file timetable.s
   Uses
      At line 107 in file timetable.s
Comment: onalti used once
onbes 0000019A

Symbol: onbes
   Definitions
      At line 144 in file timetable.s
   Uses
      At line 126 in file timetable.s
Comment: onbes used once
onbir 000002B2

Symbol: onbir
   Definitions
      At line 222 in file timetable.s
   Uses
      At line 204 in file timetable.s
Comment: onbir used once
ondokuz 00000082

Symbol: ondokuz
   Definitions
      At line 67 in file timetable.s
   Uses
      At line 49 in file timetable.s
Comment: ondokuz used once
ondort 000001E0

Symbol: ondort
   Definitions
      At line 164 in file timetable.s
   Uses
      At line 145 in file timetable.s
Comment: ondort used once
oniki 0000026C

Symbol: oniki
   Definitions
      At line 203 in file timetable.s
   Uses
      At line 185 in file timetable.s
Comment: oniki used once
onn 000002F8

Symbol: onn
   Definitions
      At line 242 in file timetable.s
   Uses
      At line 223 in file timetable.s
Comment: onn used once
onsekiz 000000C8

Symbol: onsekiz
   Definitions
      At line 87 in file timetable.s
   Uses



ARM Macro Assembler    Page 3 Alphabetic symbol ordering
Relocatable symbols

      At line 68 in file timetable.s
Comment: onsekiz used once
onuc 00000226

Symbol: onuc
   Definitions
      At line 184 in file timetable.s
   Uses
      At line 165 in file timetable.s
Comment: onuc used once
onyedi 0000010E

Symbol: onyedi
   Definitions
      At line 106 in file timetable.s
   Uses
      At line 88 in file timetable.s
Comment: onyedi used once
sekiz 00000384

Symbol: sekiz
   Definitions
      At line 281 in file timetable.s
   Uses
      At line 262 in file timetable.s
Comment: sekiz used once
sifir 000005B4

Symbol: sifir
   Definitions
      At line 442 in file timetable.s
   Uses
      At line 423 in file timetable.s
Comment: sifir used once
subroutin 00000000

Symbol: subroutin
   Definitions
      At line 10 in file timetable.s
   Uses
      None
Comment: subroutin unused
timetable 00000000

Symbol: timetable
   Definitions
      At line 18 in file timetable.s
   Uses
      At line 15 in file timetable.s
Comment: timetable used once
uc 000004E2

Symbol: uc
   Definitions
      At line 382 in file timetable.s
   Uses
      At line 362 in file timetable.s
Comment: uc used once
yedi 000003CA



ARM Macro Assembler    Page 4 Alphabetic symbol ordering
Relocatable symbols


Symbol: yedi
   Definitions
      At line 301 in file timetable.s
   Uses
      At line 282 in file timetable.s
Comment: yedi used once
23 symbols



ARM Macro Assembler    Page 1 Alphabetic symbol ordering
Absolute symbols

GPIO_PORTA_DATA 400043FC

Symbol: GPIO_PORTA_DATA
   Definitions
      At line 1 in file timetable.s
   Uses
      At line 22 in file timetable.s
      At line 38 in file timetable.s

NVIC_ST_CTRL E000E010

Symbol: NVIC_ST_CTRL
   Definitions
      At line 4 in file timetable.s
   Uses
      At line 461 in file timetable.s
Comment: NVIC_ST_CTRL used once
NVIC_ST_CURRENT E000E018

Symbol: NVIC_ST_CURRENT
   Definitions
      At line 6 in file timetable.s
   Uses
      None
Comment: NVIC_ST_CURRENT unused
NVIC_ST_RELOAD E000E014

Symbol: NVIC_ST_RELOAD
   Definitions
      At line 5 in file timetable.s
   Uses
      None
Comment: NVIC_ST_RELOAD unused
SHP_SYSPRI3 E000ED20

Symbol: SHP_SYSPRI3
   Definitions
      At line 7 in file timetable.s
   Uses
      None
Comment: SHP_SYSPRI3 unused
SSIDR 40008008

Symbol: SSIDR
   Definitions
      At line 2 in file timetable.s
   Uses
      At line 44 in file timetable.s
Comment: SSIDR used once
SSISR 4000800C

Symbol: SSISR
   Definitions
      At line 3 in file timetable.s
   Uses
      None
Comment: SSISR unused
7 symbols



ARM Macro Assembler    Page 1 Alphabetic symbol ordering
External symbols

decision 00000000

Symbol: decision
   Definitions
      At line 13 in file timetable.s
   Uses
      At line 465 in file timetable.s
Comment: decision used once
sendDC 00000000

Symbol: sendDC
   Definitions
      At line 12 in file timetable.s
   Uses
      At line 31 in file timetable.s
      At line 34 in file timetable.s
      At line 51 in file timetable.s
      At line 53 in file timetable.s
      At line 55 in file timetable.s
      At line 57 in file timetable.s
      At line 59 in file timetable.s
      At line 61 in file timetable.s
      At line 63 in file timetable.s
      At line 65 in file timetable.s
      At line 70 in file timetable.s
      At line 72 in file timetable.s
      At line 74 in file timetable.s
      At line 76 in file timetable.s
      At line 78 in file timetable.s
      At line 80 in file timetable.s
      At line 82 in file timetable.s
      At line 84 in file timetable.s
      At line 90 in file timetable.s
      At line 92 in file timetable.s
      At line 94 in file timetable.s
      At line 96 in file timetable.s
      At line 98 in file timetable.s
      At line 100 in file timetable.s
      At line 102 in file timetable.s
      At line 104 in file timetable.s
      At line 109 in file timetable.s
      At line 111 in file timetable.s
      At line 113 in file timetable.s
      At line 115 in file timetable.s
      At line 117 in file timetable.s
      At line 119 in file timetable.s
      At line 121 in file timetable.s
      At line 123 in file timetable.s
      At line 128 in file timetable.s
      At line 130 in file timetable.s
      At line 132 in file timetable.s
      At line 134 in file timetable.s
      At line 136 in file timetable.s
      At line 138 in file timetable.s
      At line 140 in file timetable.s
      At line 142 in file timetable.s
      At line 147 in file timetable.s
      At line 149 in file timetable.s
      At line 151 in file timetable.s



ARM Macro Assembler    Page 2 Alphabetic symbol ordering
External symbols

      At line 153 in file timetable.s
      At line 155 in file timetable.s
      At line 157 in file timetable.s
      At line 159 in file timetable.s
      At line 161 in file timetable.s
      At line 167 in file timetable.s
      At line 169 in file timetable.s
      At line 171 in file timetable.s
      At line 173 in file timetable.s
      At line 175 in file timetable.s
      At line 177 in file timetable.s
      At line 179 in file timetable.s
      At line 181 in file timetable.s
      At line 187 in file timetable.s
      At line 189 in file timetable.s
      At line 191 in file timetable.s
      At line 193 in file timetable.s
      At line 195 in file timetable.s
      At line 197 in file timetable.s
      At line 199 in file timetable.s
      At line 201 in file timetable.s
      At line 206 in file timetable.s
      At line 208 in file timetable.s
      At line 210 in file timetable.s
      At line 212 in file timetable.s
      At line 214 in file timetable.s
      At line 216 in file timetable.s
      At line 218 in file timetable.s
      At line 220 in file timetable.s
      At line 225 in file timetable.s
      At line 227 in file timetable.s
      At line 229 in file timetable.s
      At line 231 in file timetable.s
      At line 233 in file timetable.s
      At line 235 in file timetable.s
      At line 237 in file timetable.s
      At line 239 in file timetable.s
      At line 245 in file timetable.s
      At line 247 in file timetable.s
      At line 249 in file timetable.s
      At line 251 in file timetable.s
      At line 253 in file timetable.s
      At line 255 in file timetable.s
      At line 257 in file timetable.s
      At line 259 in file timetable.s
      At line 264 in file timetable.s
      At line 266 in file timetable.s
      At line 268 in file timetable.s
      At line 270 in file timetable.s
      At line 272 in file timetable.s
      At line 274 in file timetable.s
      At line 276 in file timetable.s
      At line 278 in file timetable.s
      At line 284 in file timetable.s
      At line 286 in file timetable.s
      At line 288 in file timetable.s
      At line 290 in file timetable.s
      At line 292 in file timetable.s
      At line 294 in file timetable.s



ARM Macro Assembler    Page 3 Alphabetic symbol ordering
External symbols

      At line 296 in file timetable.s
      At line 298 in file timetable.s
      At line 304 in file timetable.s
      At line 306 in file timetable.s
      At line 308 in file timetable.s
      At line 310 in file timetable.s
      At line 312 in file timetable.s
      At line 314 in file timetable.s
      At line 316 in file timetable.s
      At line 318 in file timetable.s
      At line 324 in file timetable.s
      At line 326 in file timetable.s
      At line 328 in file timetable.s
      At line 330 in file timetable.s
      At line 332 in file timetable.s
      At line 334 in file timetable.s
      At line 336 in file timetable.s
      At line 338 in file timetable.s
      At line 344 in file timetable.s
      At line 346 in file timetable.s
      At line 348 in file timetable.s
      At line 350 in file timetable.s
      At line 352 in file timetable.s
      At line 354 in file timetable.s
      At line 356 in file timetable.s
      At line 358 in file timetable.s
      At line 364 in file timetable.s
      At line 366 in file timetable.s
      At line 368 in file timetable.s
      At line 370 in file timetable.s
      At line 372 in file timetable.s
      At line 374 in file timetable.s
      At line 376 in file timetable.s
      At line 378 in file timetable.s
      At line 385 in file timetable.s
      At line 387 in file timetable.s
      At line 389 in file timetable.s
      At line 391 in file timetable.s
      At line 393 in file timetable.s
      At line 395 in file timetable.s
      At line 397 in file timetable.s
      At line 399 in file timetable.s
      At line 405 in file timetable.s
      At line 407 in file timetable.s
      At line 409 in file timetable.s
      At line 411 in file timetable.s
      At line 413 in file timetable.s
      At line 415 in file timetable.s
      At line 417 in file timetable.s
      At line 419 in file timetable.s
      At line 425 in file timetable.s
      At line 427 in file timetable.s
      At line 429 in file timetable.s
      At line 431 in file timetable.s
      At line 433 in file timetable.s
      At line 435 in file timetable.s
      At line 437 in file timetable.s
      At line 439 in file timetable.s
      At line 445 in file timetable.s



ARM Macro Assembler    Page 4 Alphabetic symbol ordering
External symbols

      At line 447 in file timetable.s
      At line 449 in file timetable.s
      At line 451 in file timetable.s
      At line 453 in file timetable.s
      At line 455 in file timetable.s
      At line 457 in file timetable.s
      At line 459 in file timetable.s

2 symbols
374 symbols in table
